2019-04-13 10:38:43.915  INFO 8504 --- [main] c.c.c.ConfigServicePropertySourceLocator : Fetching config from server at : http://DESKTOP-EJ2SMCJ:8888/
2019-04-13 10:38:45.616  INFO 8504 --- [main] c.c.c.ConfigServicePropertySourceLocator : Located environment: name=config-client, profiles=[dev], label=master, version=46d5865682142dbebbf7a56d73553a8abaee753c, state=null
2019-04-13 10:38:45.616  INFO 8504 --- [main] b.c.PropertySourceBootstrapConfiguration : Located property source: CompositePropertySource {name='configService', propertySources=[MapPropertySource {name='configClient'}, MapPropertySource {name='https://github.com/liujie1122/liujie-cloud-config.git/config-client-dev.properties'}]}
2019-04-13 10:38:45.856  INFO 8504 --- [main] com.liujie.ConfigClientApplication       : No active profile set, falling back to default profiles: default
2019-04-13 10:38:45.876  INFO 8504 --- [main] ConfigServletWebServerApplicationContext : Refreshing org.springframework.boot.web.servlet.context.AnnotationConfigServletWebServerApplicationContext@5e840abf: startup date [Sat Apr 13 10:38:45 CST 2019]; parent: org.springframework.context.annotation.AnnotationConfigApplicationContext@158d2680
2019-04-13 10:38:46.819  INFO 8504 --- [main] o.s.cloud.context.scope.GenericScope     : BeanFactory id=cc26af4a-3102-3a86-b255-05a9d0cfad08
2019-04-13 10:38:46.839  INFO 8504 --- [main] f.a.AutowiredAnnotationBeanPostProcessor : JSR-330 'javax.inject.Inject' annotation found and supported for autowiring
2019-04-13 10:38:46.919  INFO 8504 --- [main] trationDelegate$BeanPostProcessorChecker : Bean 'org.springframework.cloud.autoconfigure.ConfigurationPropertiesRebinderAutoConfiguration' of type [org.springframework.cloud.autoconfigure.ConfigurationPropertiesRebinderAutoConfiguration$$EnhancerBySpringCGLIB$$9ae286e9] is not eligible for getting processed by all BeanPostProcessors (for example: not eligible for auto-proxying)
2019-04-13 10:38:47.229  INFO 8504 --- [main] o.s.b.w.embedded.tomcat.TomcatWebServer  : Tomcat initialized with port(s): 8889 (http)
2019-04-13 10:38:47.249  INFO 8504 --- [main] o.apache.catalina.core.StandardService   : Starting service [Tomcat]
2019-04-13 10:38:47.249  INFO 8504 --- [main] org.apache.catalina.core.StandardEngine  : Starting Servlet Engine: Apache Tomcat/8.5.32
2019-04-13 10:38:47.249  INFO 8504 --- [localhost-startStop-1] o.a.catalina.core.AprLifecycleListener   : The APR based Apache Tomcat Native library which allows optimal performance in production environments was not found on the java.library.path: [D:\ProgramFiles\Java\jdk1.8.0_101\bin;C:\WINDOWS\Sun\Java\bin;C:\WINDOWS\system32;C:\WINDOWS;C:\WINDOWS\system32;C:\WINDOWS;C:\WINDOWS\System32\Wbem;C:\WINDOWS\System32\WindowsPowerShell\v1.0\;D:\ProgramFiles\Java\jdk1.8.0_101\bin;D:\ProgramFiles\Java\jdk1.8.0_101\jre\bin;D:\maven\apache-maven-3.6.0\bin;D:\ProgramFiles\Git\cmd;D:\ProgramFiles\MySQL\MySQL Server 5.5\bin;C:\Users\liujie\AppData\Local\Microsoft\WindowsApps;;.]
2019-04-13 10:38:47.369  INFO 8504 --- [localhost-startStop-1] o.a.c.c.C.[Tomcat].[localhost].[/]       : Initializing Spring embedded WebApplicationContext
2019-04-13 10:38:47.369  INFO 8504 --- [localhost-startStop-1] o.s.web.context.ContextLoader            : Root WebApplicationContext: initialization completed in 1493 ms
2019-04-13 10:38:47.529  WARN 8504 --- [localhost-startStop-1] c.n.c.sources.URLConfigurationSource     : No URLs will be polled as dynamic configuration sources.
2019-04-13 10:38:47.529  INFO 8504 --- [localhost-startStop-1] c.n.c.sources.URLConfigurationSource     : To enable URLs as dynamic configuration sources, define System property archaius.configurationSource.additionalUrls or make config.properties available on classpath.
2019-04-13 10:38:47.529  INFO 8504 --- [localhost-startStop-1] c.netflix.config.DynamicPropertyFactory  : DynamicPropertyFactory is initialized with configuration sources: com.netflix.config.ConcurrentCompositeConfiguration@133cb6ea
2019-04-13 10:38:48.655  INFO 8504 --- [localhost-startStop-1] o.s.b.w.servlet.FilterRegistrationBean   : Mapping filter: 'characterEncodingFilter' to: [/*]
2019-04-13 10:38:48.655  INFO 8504 --- [localhost-startStop-1] o.s.b.w.servlet.FilterRegistrationBean   : Mapping filter: 'webMvcMetricsFilter' to: [/*]
2019-04-13 10:38:48.655  INFO 8504 --- [localhost-startStop-1] o.s.b.w.servlet.FilterRegistrationBean   : Mapping filter: 'hiddenHttpMethodFilter' to: [/*]
2019-04-13 10:38:48.655  INFO 8504 --- [localhost-startStop-1] o.s.b.w.servlet.FilterRegistrationBean   : Mapping filter: 'httpPutFormContentFilter' to: [/*]
2019-04-13 10:38:48.655  INFO 8504 --- [localhost-startStop-1] o.s.b.w.servlet.FilterRegistrationBean   : Mapping filter: 'requestContextFilter' to: [/*]
2019-04-13 10:38:48.655  INFO 8504 --- [localhost-startStop-1] .s.DelegatingFilterProxyRegistrationBean : Mapping filter: 'springSecurityFilterChain' to: [/*]
2019-04-13 10:38:48.655  INFO 8504 --- [localhost-startStop-1] o.s.b.w.servlet.FilterRegistrationBean   : Mapping filter: 'httpTraceFilter' to: [/*]
2019-04-13 10:38:48.655  INFO 8504 --- [localhost-startStop-1] o.s.b.w.servlet.ServletRegistrationBean  : Servlet dispatcherServlet mapped to [/]
2019-04-13 10:38:48.765  WARN 8504 --- [main] c.n.c.sources.URLConfigurationSource     : No URLs will be polled as dynamic configuration sources.
2019-04-13 10:38:48.765  INFO 8504 --- [main] c.n.c.sources.URLConfigurationSource     : To enable URLs as dynamic configuration sources, define System property archaius.configurationSource.additionalUrls or make config.properties available on classpath.
2019-04-13 10:38:48.835  INFO 8504 --- [main] o.s.w.s.handler.SimpleUrlHandlerMapping  : Mapped URL path [/**/favicon.ico] onto handler of type [class org.springframework.web.servlet.resource.ResourceHttpRequestHandler]
2019-04-13 10:38:48.975  INFO 8504 --- [main] s.w.s.m.m.a.RequestMappingHandlerAdapter : Looking for @ControllerAdvice: org.springframework.boot.web.servlet.context.AnnotationConfigServletWebServerApplicationContext@5e840abf: startup date [Sat Apr 13 10:38:45 CST 2019]; parent: org.springframework.context.annotation.AnnotationConfigApplicationContext@158d2680
2019-04-13 10:38:49.035  INFO 8504 --- [main] s.w.s.m.m.a.RequestMappingHandlerMapping : Mapped "{[/test]}" onto public java.lang.String com.liujie.controller.TestController.test()
2019-04-13 10:38:49.035  INFO 8504 --- [main] s.w.s.m.m.a.RequestMappingHandlerMapping : Mapped "{[/error]}" onto public org.springframework.http.ResponseEntity<java.util.Map<java.lang.String, java.lang.Object>> org.springframework.boot.autoconfigure.web.servlet.error.BasicErrorController.error(javax.servlet.http.HttpServletRequest)
2019-04-13 10:38:49.035  INFO 8504 --- [main] s.w.s.m.m.a.RequestMappingHandlerMapping : Mapped "{[/error],produces=[text/html]}" onto public org.springframework.web.servlet.ModelAndView org.springframework.boot.autoconfigure.web.servlet.error.BasicErrorController.errorHtml(javax.servlet.http.HttpServletRequest,javax.servlet.http.HttpServletResponse)
2019-04-13 10:38:49.085  INFO 8504 --- [main] o.s.w.s.handler.SimpleUrlHandlerMapping  : Mapped URL path [/webjars/**] onto handler of type [class org.springframework.web.servlet.resource.ResourceHttpRequestHandler]
2019-04-13 10:38:49.085  INFO 8504 --- [main] o.s.w.s.handler.SimpleUrlHandlerMapping  : Mapped URL path [/**] onto handler of type [class org.springframework.web.servlet.resource.ResourceHttpRequestHandler]
2019-04-13 10:38:49.475  INFO 8504 --- [main] .s.s.UserDetailsServiceAutoConfiguration : 

Using generated security password: be8289f8-a097-4e73-8eae-e5ceb34738b2

2019-04-13 10:38:49.595  INFO 8504 --- [main] o.s.s.web.DefaultSecurityFilterChain     : Creating filter chain: org.springframework.security.web.util.matcher.AnyRequestMatcher@1, [org.springframework.security.web.context.request.async.WebAsyncManagerIntegrationFilter@6897a4a, org.springframework.security.web.context.SecurityContextPersistenceFilter@1c98b4eb, org.springframework.security.web.header.HeaderWriterFilter@3db65c0d, org.springframework.security.web.authentication.logout.LogoutFilter@60b5e80d, org.springframework.security.web.savedrequest.RequestCacheAwareFilter@756b2d90, org.springframework.security.web.servletapi.SecurityContextHolderAwareRequestFilter@4a216eb4, org.springframework.security.web.authentication.AnonymousAuthenticationFilter@6986f93e, org.springframework.security.web.session.SessionManagementFilter@1d289d3f, org.springframework.security.web.access.ExceptionTranslationFilter@76c86567, org.springframework.security.web.access.intercept.FilterSecurityInterceptor@355ce6a6]
2019-04-13 10:38:49.765  INFO 8504 --- [main] com.netflix.discovery.DiscoveryClient    : Shutting down DiscoveryClient ...
2019-04-13 10:38:49.765  INFO 8504 --- [main] com.netflix.discovery.DiscoveryClient    : Completed shut down of DiscoveryClient
2019-04-13 10:38:49.785  INFO 8504 --- [main] o.s.b.a.e.web.EndpointLinksResolver      : Exposing 0 endpoint(s) beneath base path '/actuator'
2019-04-13 10:38:49.795  INFO 8504 --- [main] s.b.a.e.w.s.WebMvcEndpointHandlerMapping : Mapped "{[/actuator],methods=[GET],produces=[application/vnd.spring-boot.actuator.v2+json || application/json]}" onto protected java.util.Map<java.lang.String, java.util.Map<java.lang.String, org.springframework.boot.actuate.endpoint.web.Link>> org.springframework.boot.actuate.endpoint.web.servlet.WebMvcEndpointHandlerMapping.links(javax.servlet.http.HttpServletRequest,javax.servlet.http.HttpServletResponse)
2019-04-13 10:38:49.845  INFO 8504 --- [main] o.s.j.e.a.AnnotationMBeanExporter        : Registering beans for JMX exposure on startup
2019-04-13 10:38:49.855  INFO 8504 --- [main] o.s.j.e.a.AnnotationMBeanExporter        : Bean with name 'environmentManager' has been autodetected for JMX exposure
2019-04-13 10:38:49.855  INFO 8504 --- [main] o.s.j.e.a.AnnotationMBeanExporter        : Bean with name 'configurationPropertiesRebinder' has been autodetected for JMX exposure
2019-04-13 10:38:49.855  INFO 8504 --- [main] o.s.j.e.a.AnnotationMBeanExporter        : Bean with name 'refreshScope' has been autodetected for JMX exposure
2019-04-13 10:38:49.865  INFO 8504 --- [main] o.s.j.e.a.AnnotationMBeanExporter        : Located managed bean 'environmentManager': registering with JMX server as MBean [org.springframework.cloud.context.environment:name=environmentManager,type=EnvironmentManager]
2019-04-13 10:38:49.875  INFO 8504 --- [main] o.s.j.e.a.AnnotationMBeanExporter        : Located managed bean 'refreshScope': registering with JMX server as MBean [org.springframework.cloud.context.scope.refresh:name=refreshScope,type=RefreshScope]
2019-04-13 10:38:49.885  INFO 8504 --- [main] o.s.j.e.a.AnnotationMBeanExporter        : Located managed bean 'configurationPropertiesRebinder': registering with JMX server as MBean [org.springframework.cloud.context.properties:name=configurationPropertiesRebinder,context=5e840abf,type=ConfigurationPropertiesRebinder]
2019-04-13 10:38:49.905  INFO 8504 --- [main] o.s.c.support.DefaultLifecycleProcessor  : Starting beans in phase 0
2019-04-13 10:38:49.915  INFO 8504 --- [main] o.s.c.n.eureka.InstanceInfoFactory       : Setting initial instance status as: STARTING
2019-04-13 10:38:49.915  INFO 8504 --- [main] com.netflix.discovery.DiscoveryClient    : Initializing Eureka in region us-east-1
2019-04-13 10:38:49.925  INFO 8504 --- [main] c.n.d.provider.DiscoveryJerseyProvider   : Using JSON encoding codec LegacyJacksonJson
2019-04-13 10:38:49.925  INFO 8504 --- [main] c.n.d.provider.DiscoveryJerseyProvider   : Using JSON decoding codec LegacyJacksonJson
2019-04-13 10:38:49.925  INFO 8504 --- [main] c.n.d.provider.DiscoveryJerseyProvider   : Using XML encoding codec XStreamXml
2019-04-13 10:38:49.925  INFO 8504 --- [main] c.n.d.provider.DiscoveryJerseyProvider   : Using XML decoding codec XStreamXml
2019-04-13 10:38:49.975  INFO 8504 --- [main] c.n.d.s.r.aws.ConfigClusterResolver      : Resolving eureka endpoints via configuration
2019-04-13 10:38:49.985  INFO 8504 --- [main] com.netflix.discovery.DiscoveryClient    : Disable delta property : false
2019-04-13 10:38:49.985  INFO 8504 --- [main] com.netflix.discovery.DiscoveryClient    : Single vip registry refresh property : null
2019-04-13 10:38:49.985  INFO 8504 --- [main] com.netflix.discovery.DiscoveryClient    : Force full registry fetch : false
2019-04-13 10:38:49.985  INFO 8504 --- [main] com.netflix.discovery.DiscoveryClient    : Application is null : false
2019-04-13 10:38:49.985  INFO 8504 --- [main] com.netflix.discovery.DiscoveryClient    : Registered Applications size is zero : true
2019-04-13 10:38:49.985  INFO 8504 --- [main] com.netflix.discovery.DiscoveryClient    : Application version is -1: true
2019-04-13 10:38:49.985  INFO 8504 --- [main] com.netflix.discovery.DiscoveryClient    : Getting all instance registry info from the eureka server
2019-04-13 10:38:50.015  INFO 8504 --- [main] com.netflix.discovery.DiscoveryClient    : The response status is 200
2019-04-13 10:38:50.015  INFO 8504 --- [main] com.netflix.discovery.DiscoveryClient    : Starting heartbeat executor: renew interval is: 30
2019-04-13 10:38:50.015  INFO 8504 --- [main] c.n.discovery.InstanceInfoReplicator     : InstanceInfoReplicator onDemand update allowed rate per min is 4
2019-04-13 10:38:50.015  INFO 8504 --- [main] com.netflix.discovery.DiscoveryClient    : Discovery Client initialized at timestamp 1555123130015 with initial instances count: 5
2019-04-13 10:38:50.025  INFO 8504 --- [main] o.s.c.n.e.s.EurekaServiceRegistry        : Registering application config-client with eureka with status UP
2019-04-13 10:38:50.025  INFO 8504 --- [main] com.netflix.discovery.DiscoveryClient    : Saw local status change event StatusChangeEvent [timestamp=1555123130025, current=UP, previous=STARTING]
2019-04-13 10:38:50.025  INFO 8504 --- [DiscoveryClient-InstanceInfoReplicator-0] com.netflix.discovery.DiscoveryClient    : DiscoveryClient_CONFIG-CLIENT/{spring.application.name}:{server.port}: registering service...
2019-04-13 10:38:50.055  INFO 8504 --- [DiscoveryClient-InstanceInfoReplicator-0] com.netflix.discovery.DiscoveryClient    : DiscoveryClient_CONFIG-CLIENT/{spring.application.name}:{server.port} - registration status: 204
2019-04-13 10:38:50.075  INFO 8504 --- [main] o.s.b.w.embedded.tomcat.TomcatWebServer  : Tomcat started on port(s): 8889 (http) with context path ''
2019-04-13 10:38:50.075  INFO 8504 --- [main] .s.c.n.e.s.EurekaAutoServiceRegistration : Updating port to 8889
2019-04-13 10:38:50.075  INFO 8504 --- [main] com.liujie.ConfigClientApplication       : Started ConfigClientApplication in 9.422 seconds (JVM running for 10.6)
2019-04-13 10:38:50.695  INFO 8504 --- [RMI TCP Connection(7)-127.0.0.1] o.a.c.c.C.[Tomcat].[localhost].[/]       : Initializing Spring FrameworkServlet 'dispatcherServlet'
2019-04-13 10:38:50.695  INFO 8504 --- [RMI TCP Connection(7)-127.0.0.1] o.s.web.servlet.DispatcherServlet        : FrameworkServlet 'dispatcherServlet': initialization started
2019-04-13 10:38:50.695  INFO 8504 --- [RMI TCP Connection(8)-127.0.0.1] c.c.c.ConfigServicePropertySourceLocator : Fetching config from server at : http://DESKTOP-EJ2SMCJ:8888/
2019-04-13 10:38:50.715  INFO 8504 --- [RMI TCP Connection(7)-127.0.0.1] o.s.web.servlet.DispatcherServlet        : FrameworkServlet 'dispatcherServlet': initialization completed in 20 ms
2019-04-13 10:38:52.385  INFO 8504 --- [RMI TCP Connection(8)-127.0.0.1] c.c.c.ConfigServicePropertySourceLocator : Located environment: name=config-client, profiles=[dev], label=master, version=46d5865682142dbebbf7a56d73553a8abaee753c, state=null
2019-04-13 10:40:43.818  INFO 5708 --- [main] com.liujie.ConfigClientApplication       : The following profiles are active: dev
2019-04-13 10:40:43.828  INFO 5708 --- [main] ConfigServletWebServerApplicationContext : Refreshing org.springframework.boot.web.servlet.context.AnnotationConfigServletWebServerApplicationContext@40ab8a8: startup date [Sat Apr 13 10:40:43 CST 2019]; parent: org.springframework.context.annotation.AnnotationConfigApplicationContext@51399530
2019-04-13 10:40:44.694  INFO 5708 --- [main] o.s.cloud.context.scope.GenericScope     : BeanFactory id=cc26af4a-3102-3a86-b255-05a9d0cfad08
2019-04-13 10:40:44.714  INFO 5708 --- [main] f.a.AutowiredAnnotationBeanPostProcessor : JSR-330 'javax.inject.Inject' annotation found and supported for autowiring
2019-04-13 10:40:44.794  INFO 5708 --- [main] trationDelegate$BeanPostProcessorChecker : Bean 'org.springframework.cloud.autoconfigure.ConfigurationPropertiesRebinderAutoConfiguration' of type [org.springframework.cloud.autoconfigure.ConfigurationPropertiesRebinderAutoConfiguration$$EnhancerBySpringCGLIB$$9ecef0e] is not eligible for getting processed by all BeanPostProcessors (for example: not eligible for auto-proxying)
2019-04-13 10:40:45.094  INFO 5708 --- [main] o.s.b.w.embedded.tomcat.TomcatWebServer  : Tomcat initialized with port(s): 10086 (http)
2019-04-13 10:40:45.114  INFO 5708 --- [main] o.apache.catalina.core.StandardService   : Starting service [Tomcat]
2019-04-13 10:40:45.114  INFO 5708 --- [main] org.apache.catalina.core.StandardEngine  : Starting Servlet Engine: Apache Tomcat/8.5.32
2019-04-13 10:40:45.114  INFO 5708 --- [localhost-startStop-1] o.a.catalina.core.AprLifecycleListener   : The APR based Apache Tomcat Native library which allows optimal performance in production environments was not found on the java.library.path: [D:\ProgramFiles\Java\jdk1.8.0_101\bin;C:\WINDOWS\Sun\Java\bin;C:\WINDOWS\system32;C:\WINDOWS;C:\WINDOWS\system32;C:\WINDOWS;C:\WINDOWS\System32\Wbem;C:\WINDOWS\System32\WindowsPowerShell\v1.0\;D:\ProgramFiles\Java\jdk1.8.0_101\bin;D:\ProgramFiles\Java\jdk1.8.0_101\jre\bin;D:\maven\apache-maven-3.6.0\bin;D:\ProgramFiles\Git\cmd;D:\ProgramFiles\MySQL\MySQL Server 5.5\bin;C:\Users\liujie\AppData\Local\Microsoft\WindowsApps;;.]
2019-04-13 10:40:45.244  INFO 5708 --- [localhost-startStop-1] o.a.c.c.C.[Tomcat].[localhost].[/]       : Initializing Spring embedded WebApplicationContext
2019-04-13 10:40:45.244  INFO 5708 --- [localhost-startStop-1] o.s.web.context.ContextLoader            : Root WebApplicationContext: initialization completed in 1416 ms
2019-04-13 10:40:45.405  WARN 5708 --- [localhost-startStop-1] c.n.c.sources.URLConfigurationSource     : No URLs will be polled as dynamic configuration sources.
2019-04-13 10:40:45.405  INFO 5708 --- [localhost-startStop-1] c.n.c.sources.URLConfigurationSource     : To enable URLs as dynamic configuration sources, define System property archaius.configurationSource.additionalUrls or make config.properties available on classpath.
2019-04-13 10:40:45.415  INFO 5708 --- [localhost-startStop-1] c.netflix.config.DynamicPropertyFactory  : DynamicPropertyFactory is initialized with configuration sources: com.netflix.config.ConcurrentCompositeConfiguration@535e8390
2019-04-13 10:40:46.575  INFO 5708 --- [localhost-startStop-1] o.s.b.w.servlet.FilterRegistrationBean   : Mapping filter: 'characterEncodingFilter' to: [/*]
2019-04-13 10:40:46.575  INFO 5708 --- [localhost-startStop-1] o.s.b.w.servlet.FilterRegistrationBean   : Mapping filter: 'webMvcMetricsFilter' to: [/*]
2019-04-13 10:40:46.575  INFO 5708 --- [localhost-startStop-1] o.s.b.w.servlet.FilterRegistrationBean   : Mapping filter: 'hiddenHttpMethodFilter' to: [/*]
2019-04-13 10:40:46.575  INFO 5708 --- [localhost-startStop-1] o.s.b.w.servlet.FilterRegistrationBean   : Mapping filter: 'httpPutFormContentFilter' to: [/*]
2019-04-13 10:40:46.575  INFO 5708 --- [localhost-startStop-1] o.s.b.w.servlet.FilterRegistrationBean   : Mapping filter: 'requestContextFilter' to: [/*]
2019-04-13 10:40:46.575  INFO 5708 --- [localhost-startStop-1] .s.DelegatingFilterProxyRegistrationBean : Mapping filter: 'springSecurityFilterChain' to: [/*]
2019-04-13 10:40:46.575  INFO 5708 --- [localhost-startStop-1] o.s.b.w.servlet.FilterRegistrationBean   : Mapping filter: 'httpTraceFilter' to: [/*]
2019-04-13 10:40:46.575  INFO 5708 --- [localhost-startStop-1] o.s.b.w.servlet.ServletRegistrationBean  : Servlet dispatcherServlet mapped to [/]
2019-04-13 10:40:46.695  WARN 5708 --- [main] c.n.c.sources.URLConfigurationSource     : No URLs will be polled as dynamic configuration sources.
2019-04-13 10:40:46.695  INFO 5708 --- [main] c.n.c.sources.URLConfigurationSource     : To enable URLs as dynamic configuration sources, define System property archaius.configurationSource.additionalUrls or make config.properties available on classpath.
2019-04-13 10:40:46.775  INFO 5708 --- [main] o.s.w.s.handler.SimpleUrlHandlerMapping  : Mapped URL path [/**/favicon.ico] onto handler of type [class org.springframework.web.servlet.resource.ResourceHttpRequestHandler]
2019-04-13 10:40:46.955  INFO 5708 --- [main] s.w.s.m.m.a.RequestMappingHandlerAdapter : Looking for @ControllerAdvice: org.springframework.boot.web.servlet.context.AnnotationConfigServletWebServerApplicationContext@40ab8a8: startup date [Sat Apr 13 10:40:43 CST 2019]; parent: org.springframework.context.annotation.AnnotationConfigApplicationContext@51399530
2019-04-13 10:40:46.995  INFO 5708 --- [main] s.w.s.m.m.a.RequestMappingHandlerMapping : Mapped "{[/test]}" onto public java.lang.String com.liujie.controller.TestController.test()
2019-04-13 10:40:47.005  INFO 5708 --- [main] s.w.s.m.m.a.RequestMappingHandlerMapping : Mapped "{[/error]}" onto public org.springframework.http.ResponseEntity<java.util.Map<java.lang.String, java.lang.Object>> org.springframework.boot.autoconfigure.web.servlet.error.BasicErrorController.error(javax.servlet.http.HttpServletRequest)
2019-04-13 10:40:47.005  INFO 5708 --- [main] s.w.s.m.m.a.RequestMappingHandlerMapping : Mapped "{[/error],produces=[text/html]}" onto public org.springframework.web.servlet.ModelAndView org.springframework.boot.autoconfigure.web.servlet.error.BasicErrorController.errorHtml(javax.servlet.http.HttpServletRequest,javax.servlet.http.HttpServletResponse)
2019-04-13 10:40:47.025  INFO 5708 --- [main] o.s.w.s.handler.SimpleUrlHandlerMapping  : Mapped URL path [/webjars/**] onto handler of type [class org.springframework.web.servlet.resource.ResourceHttpRequestHandler]
2019-04-13 10:40:47.025  INFO 5708 --- [main] o.s.w.s.handler.SimpleUrlHandlerMapping  : Mapped URL path [/**] onto handler of type [class org.springframework.web.servlet.resource.ResourceHttpRequestHandler]
2019-04-13 10:40:47.534  INFO 5708 --- [main] o.s.s.web.DefaultSecurityFilterChain     : Creating filter chain: org.springframework.security.web.util.matcher.AnyRequestMatcher@1, [org.springframework.security.web.context.request.async.WebAsyncManagerIntegrationFilter@75882261, org.springframework.security.web.context.SecurityContextPersistenceFilter@5a48da4f, org.springframework.security.web.header.HeaderWriterFilter@39266403, org.springframework.security.web.authentication.logout.LogoutFilter@666618d6, org.springframework.security.web.savedrequest.RequestCacheAwareFilter@6424e613, org.springframework.security.web.servletapi.SecurityContextHolderAwareRequestFilter@3a11c0eb, org.springframework.security.web.authentication.AnonymousAuthenticationFilter@611d0763, org.springframework.security.web.session.SessionManagementFilter@6806468e, org.springframework.security.web.access.ExceptionTranslationFilter@5287ba5f, org.springframework.security.web.access.intercept.FilterSecurityInterceptor@57186526]
2019-04-13 10:40:47.714  INFO 5708 --- [main] com.netflix.discovery.DiscoveryClient    : Shutting down DiscoveryClient ...
2019-04-13 10:40:47.724  INFO 5708 --- [main] com.netflix.discovery.DiscoveryClient    : Completed shut down of DiscoveryClient
2019-04-13 10:40:47.734  INFO 5708 --- [main] o.s.b.a.e.web.EndpointLinksResolver      : Exposing 0 endpoint(s) beneath base path '/actuator'
2019-04-13 10:40:47.754  INFO 5708 --- [main] s.b.a.e.w.s.WebMvcEndpointHandlerMapping : Mapped "{[/actuator],methods=[GET],produces=[application/vnd.spring-boot.actuator.v2+json || application/json]}" onto protected java.util.Map<java.lang.String, java.util.Map<java.lang.String, org.springframework.boot.actuate.endpoint.web.Link>> org.springframework.boot.actuate.endpoint.web.servlet.WebMvcEndpointHandlerMapping.links(javax.servlet.http.HttpServletRequest,javax.servlet.http.HttpServletResponse)
2019-04-13 10:40:47.814  INFO 5708 --- [main] o.s.j.e.a.AnnotationMBeanExporter        : Registering beans for JMX exposure on startup
2019-04-13 10:40:47.824  INFO 5708 --- [main] o.s.j.e.a.AnnotationMBeanExporter        : Bean with name 'environmentManager' has been autodetected for JMX exposure
2019-04-13 10:40:47.834  INFO 5708 --- [main] o.s.j.e.a.AnnotationMBeanExporter        : Bean with name 'configurationPropertiesRebinder' has been autodetected for JMX exposure
2019-04-13 10:40:47.834  INFO 5708 --- [main] o.s.j.e.a.AnnotationMBeanExporter        : Bean with name 'refreshScope' has been autodetected for JMX exposure
2019-04-13 10:40:47.834  INFO 5708 --- [main] o.s.j.e.a.AnnotationMBeanExporter        : Located managed bean 'environmentManager': registering with JMX server as MBean [org.springframework.cloud.context.environment:name=environmentManager,type=EnvironmentManager]
2019-04-13 10:40:47.844  INFO 5708 --- [main] o.s.j.e.a.AnnotationMBeanExporter        : Located managed bean 'refreshScope': registering with JMX server as MBean [org.springframework.cloud.context.scope.refresh:name=refreshScope,type=RefreshScope]
2019-04-13 10:40:47.854  INFO 5708 --- [main] o.s.j.e.a.AnnotationMBeanExporter        : Located managed bean 'configurationPropertiesRebinder': registering with JMX server as MBean [org.springframework.cloud.context.properties:name=configurationPropertiesRebinder,context=40ab8a8,type=ConfigurationPropertiesRebinder]
2019-04-13 10:40:47.884  INFO 5708 --- [main] o.s.c.support.DefaultLifecycleProcessor  : Starting beans in phase 0
2019-04-13 10:40:47.904  INFO 5708 --- [main] o.s.c.n.eureka.InstanceInfoFactory       : Setting initial instance status as: STARTING
2019-04-13 10:40:47.904  INFO 5708 --- [main] com.netflix.discovery.DiscoveryClient    : Initializing Eureka in region us-east-1
2019-04-13 10:40:47.904  INFO 5708 --- [main] com.netflix.discovery.DiscoveryClient    : Client configured to neither register nor query for data.
2019-04-13 10:40:47.904  INFO 5708 --- [main] com.netflix.discovery.DiscoveryClient    : Discovery Client initialized at timestamp 1555123247904 with initial instances count: 0
2019-04-13 10:40:47.904  INFO 5708 --- [main] o.s.c.n.e.s.EurekaServiceRegistry        : Registering application eureka-server with eureka with status UP
2019-04-13 10:40:47.934 ERROR 5708 --- [main] o.apache.catalina.core.StandardService   : Failed to start connector [Connector[HTTP/1.1-10086]]

org.apache.catalina.LifecycleException: Failed to start component [Connector[HTTP/1.1-10086]]
	at org.apache.catalina.util.LifecycleBase.start(LifecycleBase.java:167) ~[tomcat-embed-core-8.5.32.jar:8.5.32]
	at org.apache.catalina.core.StandardService.addConnector(StandardService.java:225) ~[tomcat-embed-core-8.5.32.jar:8.5.32]
	at org.springframework.boot.web.embedded.tomcat.TomcatWebServer.addPreviouslyRemovedConnectors(TomcatWebServer.java:256) [spring-boot-2.0.4.RELEASE.jar:2.0.4.RELEASE]
	at org.springframework.boot.web.embedded.tomcat.TomcatWebServer.start(TomcatWebServer.java:198) [spring-boot-2.0.4.RELEASE.jar:2.0.4.RELEASE]
	at org.springframework.boot.web.servlet.context.ServletWebServerApplicationContext.startWebServer(ServletWebServerApplicationContext.java:300) [spring-boot-2.0.4.RELEASE.jar:2.0.4.RELEASE]
	at org.springframework.boot.web.servlet.context.ServletWebServerApplicationContext.finishRefresh(ServletWebServerApplicationContext.java:162) [spring-boot-2.0.4.RELEASE.jar:2.0.4.RELEASE]
	at org.springframework.context.support.AbstractApplicationContext.refresh(AbstractApplicationContext.java:553) [spring-context-5.0.8.RELEASE.jar:5.0.8.RELEASE]
	at org.springframework.boot.web.servlet.context.ServletWebServerApplicationContext.refresh(ServletWebServerApplicationContext.java:140) [spring-boot-2.0.4.RELEASE.jar:2.0.4.RELEASE]
	at org.springframework.boot.SpringApplication.refresh(SpringApplication.java:762) [spring-boot-2.0.4.RELEASE.jar:2.0.4.RELEASE]
	at org.springframework.boot.SpringApplication.refreshContext(SpringApplication.java:398) [spring-boot-2.0.4.RELEASE.jar:2.0.4.RELEASE]
	at org.springframework.boot.SpringApplication.run(SpringApplication.java:330) [spring-boot-2.0.4.RELEASE.jar:2.0.4.RELEASE]
	at org.springframework.boot.SpringApplication.run(SpringApplication.java:1258) [spring-boot-2.0.4.RELEASE.jar:2.0.4.RELEASE]
	at org.springframework.boot.SpringApplication.run(SpringApplication.java:1246) [spring-boot-2.0.4.RELEASE.jar:2.0.4.RELEASE]
	at com.liujie.ConfigClientApplication.main(ConfigClientApplication.java:11) [classes/:na]
Caused by: org.apache.catalina.LifecycleException: Protocol handler start failed
	at org.apache.catalina.connector.Connector.startInternal(Connector.java:1020) ~[tomcat-embed-core-8.5.32.jar:8.5.32]
	at org.apache.catalina.util.LifecycleBase.start(LifecycleBase.java:150) ~[tomcat-embed-core-8.5.32.jar:8.5.32]
	... 13 common frames omitted
Caused by: java.net.BindException: Address already in use: bind
	at sun.nio.ch.Net.bind0(Native Method) ~[na:1.8.0_101]
	at sun.nio.ch.Net.bind(Net.java:433) ~[na:1.8.0_101]
	at sun.nio.ch.Net.bind(Net.java:425) ~[na:1.8.0_101]
	at sun.nio.ch.ServerSocketChannelImpl.bind(ServerSocketChannelImpl.java:223) ~[na:1.8.0_101]
	at sun.nio.ch.ServerSocketAdaptor.bind(ServerSocketAdaptor.java:74) ~[na:1.8.0_101]
	at org.apache.tomcat.util.net.NioEndpoint.bind(NioEndpoint.java:210) ~[tomcat-embed-core-8.5.32.jar:8.5.32]
	at org.apache.tomcat.util.net.AbstractEndpoint.start(AbstractEndpoint.java:1150) ~[tomcat-embed-core-8.5.32.jar:8.5.32]
	at org.apache.coyote.AbstractProtocol.start(AbstractProtocol.java:591) ~[tomcat-embed-core-8.5.32.jar:8.5.32]
	at org.apache.catalina.connector.Connector.startInternal(Connector.java:1018) ~[tomcat-embed-core-8.5.32.jar:8.5.32]
	... 14 common frames omitted

2019-04-13 10:40:47.944  INFO 5708 --- [main] o.apache.catalina.core.StandardService   : Stopping service [Tomcat]
2019-04-13 10:40:47.984  INFO 5708 --- [main] ConditionEvaluationReportLoggingListener : 

Error starting ApplicationContext. To display the conditions report re-run your application with 'debug' enabled.
2019-04-13 10:40:47.994 ERROR 5708 --- [main] o.s.b.d.LoggingFailureAnalysisReporter   : 

***************************
APPLICATION FAILED TO START
***************************

Description:

The Tomcat connector configured to listen on port 10086 failed to start. The port may already be in use or the connector may be misconfigured.

Action:

Verify the connector's configuration, identify and stop any process that's listening on port 10086, or configure this application to listen on another port.

2019-04-13 10:40:47.994  INFO 5708 --- [main] ConfigServletWebServerApplicationContext : Closing org.springframework.boot.web.servlet.context.AnnotationConfigServletWebServerApplicationContext@40ab8a8: startup date [Sat Apr 13 10:40:43 CST 2019]; parent: org.springframework.context.annotation.AnnotationConfigApplicationContext@51399530
2019-04-13 10:40:47.994  INFO 5708 --- [main] o.s.c.n.e.s.EurekaServiceRegistry        : Unregistering application eureka-server with eureka with status DOWN
2019-04-13 10:40:47.994  INFO 5708 --- [main] o.s.c.support.DefaultLifecycleProcessor  : Stopping beans in phase 0
2019-04-13 10:40:48.004  INFO 5708 --- [main] o.s.j.e.a.AnnotationMBeanExporter        : Unregistering JMX-exposed beans on shutdown
2019-04-13 10:40:48.004  INFO 5708 --- [main] o.s.j.e.a.AnnotationMBeanExporter        : Unregistering JMX-exposed beans
2019-04-13 10:40:48.014  INFO 5708 --- [main] com.netflix.discovery.DiscoveryClient    : Shutting down DiscoveryClient ...
2019-04-13 10:40:48.014  INFO 5708 --- [main] com.netflix.discovery.DiscoveryClient    : Completed shut down of DiscoveryClient
2019-04-13 10:45:29.629  INFO 4892 --- [main] com.liujie.ConfigClientApplication       : No active profile set, falling back to default profiles: default
2019-04-13 10:45:29.649  INFO 4892 --- [main] ConfigServletWebServerApplicationContext : Refreshing org.springframework.boot.web.servlet.context.AnnotationConfigServletWebServerApplicationContext@11a7ba62: startup date [Sat Apr 13 10:45:29 CST 2019]; parent: org.springframework.context.annotation.AnnotationConfigApplicationContext@22555ebf
2019-04-13 10:45:30.619  INFO 4892 --- [main] o.s.cloud.context.scope.GenericScope     : BeanFactory id=cc26af4a-3102-3a86-b255-05a9d0cfad08
2019-04-13 10:45:30.639  INFO 4892 --- [main] f.a.AutowiredAnnotationBeanPostProcessor : JSR-330 'javax.inject.Inject' annotation found and supported for autowiring
2019-04-13 10:45:30.719  INFO 4892 --- [main] trationDelegate$BeanPostProcessorChecker : Bean 'org.springframework.cloud.autoconfigure.ConfigurationPropertiesRebinderAutoConfiguration' of type [org.springframework.cloud.autoconfigure.ConfigurationPropertiesRebinderAutoConfiguration$$EnhancerBySpringCGLIB$$4b4f66a4] is not eligible for getting processed by all BeanPostProcessors (for example: not eligible for auto-proxying)
2019-04-13 10:45:31.029  INFO 4892 --- [main] o.s.b.w.embedded.tomcat.TomcatWebServer  : Tomcat initialized with port(s): 8889 (http)
2019-04-13 10:45:31.049  INFO 4892 --- [main] o.apache.catalina.core.StandardService   : Starting service [Tomcat]
2019-04-13 10:45:31.049  INFO 4892 --- [main] org.apache.catalina.core.StandardEngine  : Starting Servlet Engine: Apache Tomcat/8.5.32
2019-04-13 10:45:31.059  INFO 4892 --- [localhost-startStop-1] o.a.catalina.core.AprLifecycleListener   : The APR based Apache Tomcat Native library which allows optimal performance in production environments was not found on the java.library.path: [D:\ProgramFiles\Java\jdk1.8.0_101\bin;C:\WINDOWS\Sun\Java\bin;C:\WINDOWS\system32;C:\WINDOWS;C:\WINDOWS\system32;C:\WINDOWS;C:\WINDOWS\System32\Wbem;C:\WINDOWS\System32\WindowsPowerShell\v1.0\;D:\ProgramFiles\Java\jdk1.8.0_101\bin;D:\ProgramFiles\Java\jdk1.8.0_101\jre\bin;D:\maven\apache-maven-3.6.0\bin;D:\ProgramFiles\Git\cmd;D:\ProgramFiles\MySQL\MySQL Server 5.5\bin;C:\Users\liujie\AppData\Local\Microsoft\WindowsApps;;.]
2019-04-13 10:45:31.169  INFO 4892 --- [localhost-startStop-1] o.a.c.c.C.[Tomcat].[localhost].[/]       : Initializing Spring embedded WebApplicationContext
2019-04-13 10:45:31.169  INFO 4892 --- [localhost-startStop-1] o.s.web.context.ContextLoader            : Root WebApplicationContext: initialization completed in 1520 ms
2019-04-13 10:45:31.329  WARN 4892 --- [localhost-startStop-1] c.n.c.sources.URLConfigurationSource     : No URLs will be polled as dynamic configuration sources.
2019-04-13 10:45:31.329  INFO 4892 --- [localhost-startStop-1] c.n.c.sources.URLConfigurationSource     : To enable URLs as dynamic configuration sources, define System property archaius.configurationSource.additionalUrls or make config.properties available on classpath.
2019-04-13 10:45:31.339  INFO 4892 --- [localhost-startStop-1] c.netflix.config.DynamicPropertyFactory  : DynamicPropertyFactory is initialized with configuration sources: com.netflix.config.ConcurrentCompositeConfiguration@47b8ad06
2019-04-13 10:45:32.415  INFO 4892 --- [localhost-startStop-1] o.s.b.w.servlet.FilterRegistrationBean   : Mapping filter: 'characterEncodingFilter' to: [/*]
2019-04-13 10:45:32.415  INFO 4892 --- [localhost-startStop-1] o.s.b.w.servlet.FilterRegistrationBean   : Mapping filter: 'webMvcMetricsFilter' to: [/*]
2019-04-13 10:45:32.415  INFO 4892 --- [localhost-startStop-1] o.s.b.w.servlet.FilterRegistrationBean   : Mapping filter: 'hiddenHttpMethodFilter' to: [/*]
2019-04-13 10:45:32.415  INFO 4892 --- [localhost-startStop-1] o.s.b.w.servlet.FilterRegistrationBean   : Mapping filter: 'httpPutFormContentFilter' to: [/*]
2019-04-13 10:45:32.415  INFO 4892 --- [localhost-startStop-1] o.s.b.w.servlet.FilterRegistrationBean   : Mapping filter: 'requestContextFilter' to: [/*]
2019-04-13 10:45:32.415  INFO 4892 --- [localhost-startStop-1] .s.DelegatingFilterProxyRegistrationBean : Mapping filter: 'springSecurityFilterChain' to: [/*]
2019-04-13 10:45:32.415  INFO 4892 --- [localhost-startStop-1] o.s.b.w.servlet.FilterRegistrationBean   : Mapping filter: 'httpTraceFilter' to: [/*]
2019-04-13 10:45:32.415  INFO 4892 --- [localhost-startStop-1] o.s.b.w.servlet.ServletRegistrationBean  : Servlet dispatcherServlet mapped to [/]
2019-04-13 10:45:32.535  WARN 4892 --- [main] c.n.c.sources.URLConfigurationSource     : No URLs will be polled as dynamic configuration sources.
2019-04-13 10:45:32.535  INFO 4892 --- [main] c.n.c.sources.URLConfigurationSource     : To enable URLs as dynamic configuration sources, define System property archaius.configurationSource.additionalUrls or make config.properties available on classpath.
2019-04-13 10:45:32.605  INFO 4892 --- [main] o.s.w.s.handler.SimpleUrlHandlerMapping  : Mapped URL path [/**/favicon.ico] onto handler of type [class org.springframework.web.servlet.resource.ResourceHttpRequestHandler]
2019-04-13 10:45:32.745  INFO 4892 --- [main] s.w.s.m.m.a.RequestMappingHandlerAdapter : Looking for @ControllerAdvice: org.springframework.boot.web.servlet.context.AnnotationConfigServletWebServerApplicationContext@11a7ba62: startup date [Sat Apr 13 10:45:29 CST 2019]; parent: org.springframework.context.annotation.AnnotationConfigApplicationContext@22555ebf
2019-04-13 10:45:32.795  INFO 4892 --- [main] s.w.s.m.m.a.RequestMappingHandlerMapping : Mapped "{[/test]}" onto public java.lang.String com.liujie.controller.TestController.test()
2019-04-13 10:45:32.805  INFO 4892 --- [main] s.w.s.m.m.a.RequestMappingHandlerMapping : Mapped "{[/error]}" onto public org.springframework.http.ResponseEntity<java.util.Map<java.lang.String, java.lang.Object>> org.springframework.boot.autoconfigure.web.servlet.error.BasicErrorController.error(javax.servlet.http.HttpServletRequest)
2019-04-13 10:45:32.805  INFO 4892 --- [main] s.w.s.m.m.a.RequestMappingHandlerMapping : Mapped "{[/error],produces=[text/html]}" onto public org.springframework.web.servlet.ModelAndView org.springframework.boot.autoconfigure.web.servlet.error.BasicErrorController.errorHtml(javax.servlet.http.HttpServletRequest,javax.servlet.http.HttpServletResponse)
2019-04-13 10:45:32.845  INFO 4892 --- [main] o.s.w.s.handler.SimpleUrlHandlerMapping  : Mapped URL path [/webjars/**] onto handler of type [class org.springframework.web.servlet.resource.ResourceHttpRequestHandler]
2019-04-13 10:45:32.845  INFO 4892 --- [main] o.s.w.s.handler.SimpleUrlHandlerMapping  : Mapped URL path [/**] onto handler of type [class org.springframework.web.servlet.resource.ResourceHttpRequestHandler]
2019-04-13 10:45:33.325  INFO 4892 --- [main] .s.s.UserDetailsServiceAutoConfiguration : 

Using generated security password: d14edd68-dab6-4566-92b3-9eb0423ae869

2019-04-13 10:45:33.460  INFO 4892 --- [main] o.s.s.web.DefaultSecurityFilterChain     : Creating filter chain: org.springframework.security.web.util.matcher.AnyRequestMatcher@1, [org.springframework.security.web.context.request.async.WebAsyncManagerIntegrationFilter@752b69e3, org.springframework.security.web.context.SecurityContextPersistenceFilter@7d66e544, org.springframework.security.web.header.HeaderWriterFilter@3313d477, org.springframework.security.web.authentication.logout.LogoutFilter@570a62a5, org.springframework.security.web.savedrequest.RequestCacheAwareFilter@5b1c32e4, org.springframework.security.web.servletapi.SecurityContextHolderAwareRequestFilter@299b9851, org.springframework.security.web.authentication.AnonymousAuthenticationFilter@15605d83, org.springframework.security.web.session.SessionManagementFilter@1511d157, org.springframework.security.web.access.ExceptionTranslationFilter@24a0c58b, org.springframework.security.web.access.intercept.FilterSecurityInterceptor@16cf8438]
2019-04-13 10:45:33.610  INFO 4892 --- [main] com.netflix.discovery.DiscoveryClient    : Shutting down DiscoveryClient ...
2019-04-13 10:45:33.620  INFO 4892 --- [main] com.netflix.discovery.DiscoveryClient    : Completed shut down of DiscoveryClient
2019-04-13 10:45:33.630  INFO 4892 --- [main] o.s.b.a.e.web.EndpointLinksResolver      : Exposing 0 endpoint(s) beneath base path '/actuator'
2019-04-13 10:45:33.650  INFO 4892 --- [main] s.b.a.e.w.s.WebMvcEndpointHandlerMapping : Mapped "{[/actuator],methods=[GET],produces=[application/vnd.spring-boot.actuator.v2+json || application/json]}" onto protected java.util.Map<java.lang.String, java.util.Map<java.lang.String, org.springframework.boot.actuate.endpoint.web.Link>> org.springframework.boot.actuate.endpoint.web.servlet.WebMvcEndpointHandlerMapping.links(javax.servlet.http.HttpServletRequest,javax.servlet.http.HttpServletResponse)
2019-04-13 10:45:33.700  INFO 4892 --- [main] o.s.j.e.a.AnnotationMBeanExporter        : Registering beans for JMX exposure on startup
2019-04-13 10:45:33.710  INFO 4892 --- [main] o.s.j.e.a.AnnotationMBeanExporter        : Bean with name 'environmentManager' has been autodetected for JMX exposure
2019-04-13 10:45:33.710  INFO 4892 --- [main] o.s.j.e.a.AnnotationMBeanExporter        : Bean with name 'configurationPropertiesRebinder' has been autodetected for JMX exposure
2019-04-13 10:45:33.710  INFO 4892 --- [main] o.s.j.e.a.AnnotationMBeanExporter        : Bean with name 'refreshScope' has been autodetected for JMX exposure
2019-04-13 10:45:33.710  INFO 4892 --- [main] o.s.j.e.a.AnnotationMBeanExporter        : Located managed bean 'environmentManager': registering with JMX server as MBean [org.springframework.cloud.context.environment:name=environmentManager,type=EnvironmentManager]
2019-04-13 10:45:33.720  INFO 4892 --- [main] o.s.j.e.a.AnnotationMBeanExporter        : Located managed bean 'refreshScope': registering with JMX server as MBean [org.springframework.cloud.context.scope.refresh:name=refreshScope,type=RefreshScope]
2019-04-13 10:45:33.730  INFO 4892 --- [main] o.s.j.e.a.AnnotationMBeanExporter        : Located managed bean 'configurationPropertiesRebinder': registering with JMX server as MBean [org.springframework.cloud.context.properties:name=configurationPropertiesRebinder,context=11a7ba62,type=ConfigurationPropertiesRebinder]
2019-04-13 10:45:33.750  INFO 4892 --- [main] o.s.c.support.DefaultLifecycleProcessor  : Starting beans in phase 0
2019-04-13 10:45:33.760  INFO 4892 --- [main] o.s.c.n.eureka.InstanceInfoFactory       : Setting initial instance status as: STARTING
2019-04-13 10:45:33.770  INFO 4892 --- [main] com.netflix.discovery.DiscoveryClient    : Initializing Eureka in region us-east-1
2019-04-13 10:45:33.770  INFO 4892 --- [main] c.n.d.provider.DiscoveryJerseyProvider   : Using JSON encoding codec LegacyJacksonJson
2019-04-13 10:45:33.770  INFO 4892 --- [main] c.n.d.provider.DiscoveryJerseyProvider   : Using JSON decoding codec LegacyJacksonJson
2019-04-13 10:45:33.770  INFO 4892 --- [main] c.n.d.provider.DiscoveryJerseyProvider   : Using XML encoding codec XStreamXml
2019-04-13 10:45:33.770  INFO 4892 --- [main] c.n.d.provider.DiscoveryJerseyProvider   : Using XML decoding codec XStreamXml
2019-04-13 10:45:33.830  INFO 4892 --- [main] c.n.d.s.r.aws.ConfigClusterResolver      : Resolving eureka endpoints via configuration
2019-04-13 10:45:33.830  INFO 4892 --- [main] com.netflix.discovery.DiscoveryClient    : Disable delta property : false
2019-04-13 10:45:33.830  INFO 4892 --- [main] com.netflix.discovery.DiscoveryClient    : Single vip registry refresh property : null
2019-04-13 10:45:33.830  INFO 4892 --- [main] com.netflix.discovery.DiscoveryClient    : Force full registry fetch : false
2019-04-13 10:45:33.830  INFO 4892 --- [main] com.netflix.discovery.DiscoveryClient    : Application is null : false
2019-04-13 10:45:33.830  INFO 4892 --- [main] com.netflix.discovery.DiscoveryClient    : Registered Applications size is zero : true
2019-04-13 10:45:33.830  INFO 4892 --- [main] com.netflix.discovery.DiscoveryClient    : Application version is -1: true
2019-04-13 10:45:33.830  INFO 4892 --- [main] com.netflix.discovery.DiscoveryClient    : Getting all instance registry info from the eureka server
2019-04-13 10:45:33.840  INFO 4892 --- [main] com.netflix.discovery.DiscoveryClient    : The response status is 200
2019-04-13 10:45:33.840  INFO 4892 --- [main] com.netflix.discovery.DiscoveryClient    : Starting heartbeat executor: renew interval is: 30
2019-04-13 10:45:33.840  INFO 4892 --- [main] c.n.discovery.InstanceInfoReplicator     : InstanceInfoReplicator onDemand update allowed rate per min is 4
2019-04-13 10:45:33.850  INFO 4892 --- [main] com.netflix.discovery.DiscoveryClient    : Discovery Client initialized at timestamp 1555123533850 with initial instances count: 4
2019-04-13 10:45:33.850  INFO 4892 --- [main] o.s.c.n.e.s.EurekaServiceRegistry        : Registering application config-client with eureka with status UP
2019-04-13 10:45:33.850  INFO 4892 --- [main] com.netflix.discovery.DiscoveryClient    : Saw local status change event StatusChangeEvent [timestamp=1555123533850, current=UP, previous=STARTING]
2019-04-13 10:45:33.850  INFO 4892 --- [DiscoveryClient-InstanceInfoReplicator-0] com.netflix.discovery.DiscoveryClient    : DiscoveryClient_CONFIG-CLIENT/{spring.application.name}:{server.port}: registering service...
2019-04-13 10:45:33.890  INFO 4892 --- [DiscoveryClient-InstanceInfoReplicator-0] com.netflix.discovery.DiscoveryClient    : DiscoveryClient_CONFIG-CLIENT/{spring.application.name}:{server.port} - registration status: 204
2019-04-13 10:45:33.900  INFO 4892 --- [main] o.s.b.w.embedded.tomcat.TomcatWebServer  : Tomcat started on port(s): 8889 (http) with context path ''
2019-04-13 10:45:33.900  INFO 4892 --- [main] .s.c.n.e.s.EurekaAutoServiceRegistration : Updating port to 8889
2019-04-13 10:45:33.900  INFO 4892 --- [main] com.liujie.ConfigClientApplication       : Started ConfigClientApplication in 57.754 seconds (JVM running for 58.786)
2019-04-13 10:45:34.637  INFO 4892 --- [RMI TCP Connection(10)-127.0.0.1] o.a.c.c.C.[Tomcat].[localhost].[/]       : Initializing Spring FrameworkServlet 'dispatcherServlet'
2019-04-13 10:45:34.637  INFO 4892 --- [RMI TCP Connection(10)-127.0.0.1] o.s.web.servlet.DispatcherServlet        : FrameworkServlet 'dispatcherServlet': initialization started
2019-04-13 10:45:34.637  INFO 4892 --- [RMI TCP Connection(14)-127.0.0.1] c.c.c.ConfigServicePropertySourceLocator : Fetching config from server at : http://DESKTOP-EJ2SMCJ:8888/
2019-04-13 10:45:34.657  INFO 4892 --- [RMI TCP Connection(10)-127.0.0.1] o.s.web.servlet.DispatcherServlet        : FrameworkServlet 'dispatcherServlet': initialization completed in 20 ms
2019-04-13 10:45:48.766  INFO 4892 --- [RMI TCP Connection(14)-127.0.0.1] c.c.c.ConfigServicePropertySourceLocator : Located environment: name=config-client, profiles=[dev], label=master, version=d17eaf658a6a780a7667b6b6fd1e5b3fecc15f46, state=null
2019-04-13 10:49:52.667  INFO 11320 --- [main] com.liujie.ConfigClientApplication       : No active profile set, falling back to default profiles: default
2019-04-13 10:49:52.677  INFO 11320 --- [main] ConfigServletWebServerApplicationContext : Refreshing org.springframework.boot.web.servlet.context.AnnotationConfigServletWebServerApplicationContext@41aaedaa: startup date [Sat Apr 13 10:49:52 CST 2019]; parent: org.springframework.context.annotation.AnnotationConfigApplicationContext@1573f9fc
2019-04-13 10:49:53.534  INFO 11320 --- [main] o.s.cloud.context.scope.GenericScope     : BeanFactory id=cc26af4a-3102-3a86-b255-05a9d0cfad08
2019-04-13 10:49:53.544  INFO 11320 --- [main] f.a.AutowiredAnnotationBeanPostProcessor : JSR-330 'javax.inject.Inject' annotation found and supported for autowiring
2019-04-13 10:49:53.624  INFO 11320 --- [main] trationDelegate$BeanPostProcessorChecker : Bean 'org.springframework.cloud.autoconfigure.ConfigurationPropertiesRebinderAutoConfiguration' of type [org.springframework.cloud.autoconfigure.ConfigurationPropertiesRebinderAutoConfiguration$$EnhancerBySpringCGLIB$$236f23be] is not eligible for getting processed by all BeanPostProcessors (for example: not eligible for auto-proxying)
2019-04-13 10:49:53.914  INFO 11320 --- [main] o.s.b.w.embedded.tomcat.TomcatWebServer  : Tomcat initialized with port(s): 8889 (http)
2019-04-13 10:49:53.934  INFO 11320 --- [main] o.apache.catalina.core.StandardService   : Starting service [Tomcat]
2019-04-13 10:49:53.934  INFO 11320 --- [main] org.apache.catalina.core.StandardEngine  : Starting Servlet Engine: Apache Tomcat/8.5.32
2019-04-13 10:49:53.934  INFO 11320 --- [localhost-startStop-1] o.a.catalina.core.AprLifecycleListener   : The APR based Apache Tomcat Native library which allows optimal performance in production environments was not found on the java.library.path: [D:\ProgramFiles\Java\jdk1.8.0_101\bin;C:\WINDOWS\Sun\Java\bin;C:\WINDOWS\system32;C:\WINDOWS;C:\WINDOWS\system32;C:\WINDOWS;C:\WINDOWS\System32\Wbem;C:\WINDOWS\System32\WindowsPowerShell\v1.0\;D:\ProgramFiles\Java\jdk1.8.0_101\bin;D:\ProgramFiles\Java\jdk1.8.0_101\jre\bin;D:\maven\apache-maven-3.6.0\bin;D:\ProgramFiles\Git\cmd;D:\ProgramFiles\MySQL\MySQL Server 5.5\bin;C:\Users\liujie\AppData\Local\Microsoft\WindowsApps;;.]
2019-04-13 10:49:54.054  INFO 11320 --- [localhost-startStop-1] o.a.c.c.C.[Tomcat].[localhost].[/]       : Initializing Spring embedded WebApplicationContext
2019-04-13 10:49:54.054  INFO 11320 --- [localhost-startStop-1] o.s.web.context.ContextLoader            : Root WebApplicationContext: initialization completed in 1377 ms
2019-04-13 10:49:54.214  WARN 11320 --- [localhost-startStop-1] c.n.c.sources.URLConfigurationSource     : No URLs will be polled as dynamic configuration sources.
2019-04-13 10:49:54.214  INFO 11320 --- [localhost-startStop-1] c.n.c.sources.URLConfigurationSource     : To enable URLs as dynamic configuration sources, define System property archaius.configurationSource.additionalUrls or make config.properties available on classpath.
2019-04-13 10:49:54.224  INFO 11320 --- [localhost-startStop-1] c.netflix.config.DynamicPropertyFactory  : DynamicPropertyFactory is initialized with configuration sources: com.netflix.config.ConcurrentCompositeConfiguration@73cc4735
2019-04-13 10:49:55.324  INFO 11320 --- [localhost-startStop-1] o.s.b.w.servlet.FilterRegistrationBean   : Mapping filter: 'characterEncodingFilter' to: [/*]
2019-04-13 10:49:55.324  INFO 11320 --- [localhost-startStop-1] o.s.b.w.servlet.FilterRegistrationBean   : Mapping filter: 'webMvcMetricsFilter' to: [/*]
2019-04-13 10:49:55.324  INFO 11320 --- [localhost-startStop-1] o.s.b.w.servlet.FilterRegistrationBean   : Mapping filter: 'hiddenHttpMethodFilter' to: [/*]
2019-04-13 10:49:55.324  INFO 11320 --- [localhost-startStop-1] o.s.b.w.servlet.FilterRegistrationBean   : Mapping filter: 'httpPutFormContentFilter' to: [/*]
2019-04-13 10:49:55.324  INFO 11320 --- [localhost-startStop-1] o.s.b.w.servlet.FilterRegistrationBean   : Mapping filter: 'requestContextFilter' to: [/*]
2019-04-13 10:49:55.324  INFO 11320 --- [localhost-startStop-1] .s.DelegatingFilterProxyRegistrationBean : Mapping filter: 'springSecurityFilterChain' to: [/*]
2019-04-13 10:49:55.324  INFO 11320 --- [localhost-startStop-1] o.s.b.w.servlet.FilterRegistrationBean   : Mapping filter: 'httpTraceFilter' to: [/*]
2019-04-13 10:49:55.324  INFO 11320 --- [localhost-startStop-1] o.s.b.w.servlet.ServletRegistrationBean  : Servlet dispatcherServlet mapped to [/]
2019-04-13 10:49:55.434  WARN 11320 --- [main] c.n.c.sources.URLConfigurationSource     : No URLs will be polled as dynamic configuration sources.
2019-04-13 10:49:55.434  INFO 11320 --- [main] c.n.c.sources.URLConfigurationSource     : To enable URLs as dynamic configuration sources, define System property archaius.configurationSource.additionalUrls or make config.properties available on classpath.
2019-04-13 10:49:55.504  INFO 11320 --- [main] o.s.w.s.handler.SimpleUrlHandlerMapping  : Mapped URL path [/**/favicon.ico] onto handler of type [class org.springframework.web.servlet.resource.ResourceHttpRequestHandler]
2019-04-13 10:49:55.634  INFO 11320 --- [main] s.w.s.m.m.a.RequestMappingHandlerAdapter : Looking for @ControllerAdvice: org.springframework.boot.web.servlet.context.AnnotationConfigServletWebServerApplicationContext@41aaedaa: startup date [Sat Apr 13 10:49:52 CST 2019]; parent: org.springframework.context.annotation.AnnotationConfigApplicationContext@1573f9fc
2019-04-13 10:49:55.684  INFO 11320 --- [main] s.w.s.m.m.a.RequestMappingHandlerMapping : Mapped "{[/test]}" onto public java.lang.String com.liujie.controller.TestController.test()
2019-04-13 10:49:55.694  INFO 11320 --- [main] s.w.s.m.m.a.RequestMappingHandlerMapping : Mapped "{[/error]}" onto public org.springframework.http.ResponseEntity<java.util.Map<java.lang.String, java.lang.Object>> org.springframework.boot.autoconfigure.web.servlet.error.BasicErrorController.error(javax.servlet.http.HttpServletRequest)
2019-04-13 10:49:55.694  INFO 11320 --- [main] s.w.s.m.m.a.RequestMappingHandlerMapping : Mapped "{[/error],produces=[text/html]}" onto public org.springframework.web.servlet.ModelAndView org.springframework.boot.autoconfigure.web.servlet.error.BasicErrorController.errorHtml(javax.servlet.http.HttpServletRequest,javax.servlet.http.HttpServletResponse)
2019-04-13 10:49:55.724  INFO 11320 --- [main] o.s.w.s.handler.SimpleUrlHandlerMapping  : Mapped URL path [/webjars/**] onto handler of type [class org.springframework.web.servlet.resource.ResourceHttpRequestHandler]
2019-04-13 10:49:55.724  INFO 11320 --- [main] o.s.w.s.handler.SimpleUrlHandlerMapping  : Mapped URL path [/**] onto handler of type [class org.springframework.web.servlet.resource.ResourceHttpRequestHandler]
2019-04-13 10:49:56.144  INFO 11320 --- [main] .s.s.UserDetailsServiceAutoConfiguration : 

Using generated security password: 5809fbfb-409d-4bc7-8f2f-2241100bdaf7

2019-04-13 10:49:56.254  INFO 11320 --- [main] o.s.s.web.DefaultSecurityFilterChain     : Creating filter chain: org.springframework.security.web.util.matcher.AnyRequestMatcher@1, [org.springframework.security.web.context.request.async.WebAsyncManagerIntegrationFilter@7ccd611e, org.springframework.security.web.context.SecurityContextPersistenceFilter@39023dbf, org.springframework.security.web.header.HeaderWriterFilter@299b9851, org.springframework.security.web.authentication.logout.LogoutFilter@2db86a7c, org.springframework.security.web.savedrequest.RequestCacheAwareFilter@570a62a5, org.springframework.security.web.servletapi.SecurityContextHolderAwareRequestFilter@59c43561, org.springframework.security.web.authentication.AnonymousAuthenticationFilter@4dc52559, org.springframework.security.web.session.SessionManagementFilter@7e49ded, org.springframework.security.web.access.ExceptionTranslationFilter@24fba488, org.springframework.security.web.access.intercept.FilterSecurityInterceptor@7c8874ef]
2019-04-13 10:49:56.397  INFO 11320 --- [main] com.netflix.discovery.DiscoveryClient    : Shutting down DiscoveryClient ...
2019-04-13 10:49:56.397  INFO 11320 --- [main] com.netflix.discovery.DiscoveryClient    : Completed shut down of DiscoveryClient
2019-04-13 10:49:56.417  INFO 11320 --- [main] o.s.b.a.e.web.EndpointLinksResolver      : Exposing 0 endpoint(s) beneath base path '/actuator'
2019-04-13 10:49:56.427  INFO 11320 --- [main] s.b.a.e.w.s.WebMvcEndpointHandlerMapping : Mapped "{[/actuator],methods=[GET],produces=[application/vnd.spring-boot.actuator.v2+json || application/json]}" onto protected java.util.Map<java.lang.String, java.util.Map<java.lang.String, org.springframework.boot.actuate.endpoint.web.Link>> org.springframework.boot.actuate.endpoint.web.servlet.WebMvcEndpointHandlerMapping.links(javax.servlet.http.HttpServletRequest,javax.servlet.http.HttpServletResponse)
2019-04-13 10:49:56.477  INFO 11320 --- [main] o.s.j.e.a.AnnotationMBeanExporter        : Registering beans for JMX exposure on startup
2019-04-13 10:49:56.477  INFO 11320 --- [main] o.s.j.e.a.AnnotationMBeanExporter        : Bean with name 'environmentManager' has been autodetected for JMX exposure
2019-04-13 10:49:56.487  INFO 11320 --- [main] o.s.j.e.a.AnnotationMBeanExporter        : Bean with name 'configurationPropertiesRebinder' has been autodetected for JMX exposure
2019-04-13 10:49:56.487  INFO 11320 --- [main] o.s.j.e.a.AnnotationMBeanExporter        : Bean with name 'refreshScope' has been autodetected for JMX exposure
2019-04-13 10:49:56.487  INFO 11320 --- [main] o.s.j.e.a.AnnotationMBeanExporter        : Located managed bean 'environmentManager': registering with JMX server as MBean [org.springframework.cloud.context.environment:name=environmentManager,type=EnvironmentManager]
2019-04-13 10:49:56.497  INFO 11320 --- [main] o.s.j.e.a.AnnotationMBeanExporter        : Located managed bean 'refreshScope': registering with JMX server as MBean [org.springframework.cloud.context.scope.refresh:name=refreshScope,type=RefreshScope]
2019-04-13 10:49:56.507  INFO 11320 --- [main] o.s.j.e.a.AnnotationMBeanExporter        : Located managed bean 'configurationPropertiesRebinder': registering with JMX server as MBean [org.springframework.cloud.context.properties:name=configurationPropertiesRebinder,context=41aaedaa,type=ConfigurationPropertiesRebinder]
2019-04-13 10:49:56.527  INFO 11320 --- [main] o.s.c.support.DefaultLifecycleProcessor  : Starting beans in phase 0
2019-04-13 10:49:56.547  INFO 11320 --- [main] o.s.c.n.eureka.InstanceInfoFactory       : Setting initial instance status as: STARTING
2019-04-13 10:49:56.547  INFO 11320 --- [main] com.netflix.discovery.DiscoveryClient    : Initializing Eureka in region us-east-1
2019-04-13 10:49:56.547  INFO 11320 --- [main] c.n.d.provider.DiscoveryJerseyProvider   : Using JSON encoding codec LegacyJacksonJson
2019-04-13 10:49:56.547  INFO 11320 --- [main] c.n.d.provider.DiscoveryJerseyProvider   : Using JSON decoding codec LegacyJacksonJson
2019-04-13 10:49:56.547  INFO 11320 --- [main] c.n.d.provider.DiscoveryJerseyProvider   : Using XML encoding codec XStreamXml
2019-04-13 10:49:56.547  INFO 11320 --- [main] c.n.d.provider.DiscoveryJerseyProvider   : Using XML decoding codec XStreamXml
2019-04-13 10:49:56.607  INFO 11320 --- [main] c.n.d.s.r.aws.ConfigClusterResolver      : Resolving eureka endpoints via configuration
2019-04-13 10:49:56.607  INFO 11320 --- [main] com.netflix.discovery.DiscoveryClient    : Disable delta property : false
2019-04-13 10:49:56.607  INFO 11320 --- [main] com.netflix.discovery.DiscoveryClient    : Single vip registry refresh property : null
2019-04-13 10:49:56.607  INFO 11320 --- [main] com.netflix.discovery.DiscoveryClient    : Force full registry fetch : false
2019-04-13 10:49:56.607  INFO 11320 --- [main] com.netflix.discovery.DiscoveryClient    : Application is null : false
2019-04-13 10:49:56.607  INFO 11320 --- [main] com.netflix.discovery.DiscoveryClient    : Registered Applications size is zero : true
2019-04-13 10:49:56.607  INFO 11320 --- [main] com.netflix.discovery.DiscoveryClient    : Application version is -1: true
2019-04-13 10:49:56.607  INFO 11320 --- [main] com.netflix.discovery.DiscoveryClient    : Getting all instance registry info from the eureka server
2019-04-13 10:49:56.607  INFO 11320 --- [main] com.netflix.discovery.DiscoveryClient    : The response status is 200
2019-04-13 10:49:56.607  INFO 11320 --- [main] com.netflix.discovery.DiscoveryClient    : Starting heartbeat executor: renew interval is: 30
2019-04-13 10:49:56.607  INFO 11320 --- [main] c.n.discovery.InstanceInfoReplicator     : InstanceInfoReplicator onDemand update allowed rate per min is 4
2019-04-13 10:49:56.617  INFO 11320 --- [main] com.netflix.discovery.DiscoveryClient    : Discovery Client initialized at timestamp 1555123796617 with initial instances count: 5
2019-04-13 10:49:56.617  INFO 11320 --- [main] o.s.c.n.e.s.EurekaServiceRegistry        : Registering application config-client with eureka with status UP
2019-04-13 10:49:56.617  INFO 11320 --- [main] com.netflix.discovery.DiscoveryClient    : Saw local status change event StatusChangeEvent [timestamp=1555123796617, current=UP, previous=STARTING]
2019-04-13 10:49:56.617  INFO 11320 --- [DiscoveryClient-InstanceInfoReplicator-0] com.netflix.discovery.DiscoveryClient    : DiscoveryClient_CONFIG-CLIENT/config-client:8889: registering service...
2019-04-13 10:49:56.657  INFO 11320 --- [DiscoveryClient-InstanceInfoReplicator-0] com.netflix.discovery.DiscoveryClient    : DiscoveryClient_CONFIG-CLIENT/config-client:8889 - registration status: 204
2019-04-13 10:49:56.667  INFO 11320 --- [main] o.s.b.w.embedded.tomcat.TomcatWebServer  : Tomcat started on port(s): 8889 (http) with context path ''
2019-04-13 10:49:56.667  INFO 11320 --- [main] .s.c.n.e.s.EurekaAutoServiceRegistration : Updating port to 8889
2019-04-13 10:49:56.667  INFO 11320 --- [main] com.liujie.ConfigClientApplication       : Started ConfigClientApplication in 12.497 seconds (JVM running for 13.512)
2019-04-13 10:49:57.087  INFO 11320 --- [RMI TCP Connection(7)-127.0.0.1] o.a.c.c.C.[Tomcat].[localhost].[/]       : Initializing Spring FrameworkServlet 'dispatcherServlet'
2019-04-13 10:49:57.087  INFO 11320 --- [RMI TCP Connection(7)-127.0.0.1] o.s.web.servlet.DispatcherServlet        : FrameworkServlet 'dispatcherServlet': initialization started
2019-04-13 10:49:57.087  INFO 11320 --- [RMI TCP Connection(2)-127.0.0.1] c.c.c.ConfigServicePropertySourceLocator : Fetching config from server at : http://DESKTOP-EJ2SMCJ:8888/
2019-04-13 10:49:57.107  INFO 11320 --- [RMI TCP Connection(7)-127.0.0.1] o.s.web.servlet.DispatcherServlet        : FrameworkServlet 'dispatcherServlet': initialization completed in 20 ms
2019-04-13 10:50:00.577  INFO 11320 --- [RMI TCP Connection(2)-127.0.0.1] c.c.c.ConfigServicePropertySourceLocator : Located environment: name=config-client, profiles=[dev], label=master, version=71cd66758d7a3a024d6ff27e1de058d6b1959454, state=null
2019-04-13 10:51:26.457  INFO 8596 --- [main] com.liujie.ConfigClientApplication       : No active profile set, falling back to default profiles: default
2019-04-13 10:51:26.467  INFO 8596 --- [main] ConfigServletWebServerApplicationContext : Refreshing org.springframework.boot.web.servlet.context.AnnotationConfigServletWebServerApplicationContext@7cedfa63: startup date [Sat Apr 13 10:51:26 CST 2019]; parent: org.springframework.context.annotation.AnnotationConfigApplicationContext@6025e1b6
2019-04-13 10:51:27.337  INFO 8596 --- [main] o.s.cloud.context.scope.GenericScope     : BeanFactory id=cc26af4a-3102-3a86-b255-05a9d0cfad08
2019-04-13 10:51:27.347  INFO 8596 --- [main] f.a.AutowiredAnnotationBeanPostProcessor : JSR-330 'javax.inject.Inject' annotation found and supported for autowiring
2019-04-13 10:51:27.457  INFO 8596 --- [main] trationDelegate$BeanPostProcessorChecker : Bean 'org.springframework.cloud.autoconfigure.ConfigurationPropertiesRebinderAutoConfiguration' of type [org.springframework.cloud.autoconfigure.ConfigurationPropertiesRebinderAutoConfiguration$$EnhancerBySpringCGLIB$$229a0e3e] is not eligible for getting processed by all BeanPostProcessors (for example: not eligible for auto-proxying)
2019-04-13 10:51:27.767  INFO 8596 --- [main] o.s.b.w.embedded.tomcat.TomcatWebServer  : Tomcat initialized with port(s): 8889 (http)
2019-04-13 10:51:27.787  INFO 8596 --- [main] o.apache.catalina.core.StandardService   : Starting service [Tomcat]
2019-04-13 10:51:27.787  INFO 8596 --- [main] org.apache.catalina.core.StandardEngine  : Starting Servlet Engine: Apache Tomcat/8.5.32
2019-04-13 10:51:27.787  INFO 8596 --- [localhost-startStop-1] o.a.catalina.core.AprLifecycleListener   : The APR based Apache Tomcat Native library which allows optimal performance in production environments was not found on the java.library.path: [D:\ProgramFiles\Java\jdk1.8.0_101\bin;C:\WINDOWS\Sun\Java\bin;C:\WINDOWS\system32;C:\WINDOWS;C:\WINDOWS\system32;C:\WINDOWS;C:\WINDOWS\System32\Wbem;C:\WINDOWS\System32\WindowsPowerShell\v1.0\;D:\ProgramFiles\Java\jdk1.8.0_101\bin;D:\ProgramFiles\Java\jdk1.8.0_101\jre\bin;D:\maven\apache-maven-3.6.0\bin;D:\ProgramFiles\Git\cmd;D:\ProgramFiles\MySQL\MySQL Server 5.5\bin;C:\Users\liujie\AppData\Local\Microsoft\WindowsApps;;.]
2019-04-13 10:51:27.927  INFO 8596 --- [localhost-startStop-1] o.a.c.c.C.[Tomcat].[localhost].[/]       : Initializing Spring embedded WebApplicationContext
2019-04-13 10:51:27.927  INFO 8596 --- [localhost-startStop-1] o.s.web.context.ContextLoader            : Root WebApplicationContext: initialization completed in 1460 ms
2019-04-13 10:51:28.087  WARN 8596 --- [localhost-startStop-1] c.n.c.sources.URLConfigurationSource     : No URLs will be polled as dynamic configuration sources.
2019-04-13 10:51:28.087  INFO 8596 --- [localhost-startStop-1] c.n.c.sources.URLConfigurationSource     : To enable URLs as dynamic configuration sources, define System property archaius.configurationSource.additionalUrls or make config.properties available on classpath.
2019-04-13 10:51:28.097  INFO 8596 --- [localhost-startStop-1] c.netflix.config.DynamicPropertyFactory  : DynamicPropertyFactory is initialized with configuration sources: com.netflix.config.ConcurrentCompositeConfiguration@7ebe4a1f
2019-04-13 10:51:29.213  INFO 8596 --- [localhost-startStop-1] o.s.b.w.servlet.FilterRegistrationBean   : Mapping filter: 'characterEncodingFilter' to: [/*]
2019-04-13 10:51:29.213  INFO 8596 --- [localhost-startStop-1] o.s.b.w.servlet.FilterRegistrationBean   : Mapping filter: 'webMvcMetricsFilter' to: [/*]
2019-04-13 10:51:29.213  INFO 8596 --- [localhost-startStop-1] o.s.b.w.servlet.FilterRegistrationBean   : Mapping filter: 'hiddenHttpMethodFilter' to: [/*]
2019-04-13 10:51:29.213  INFO 8596 --- [localhost-startStop-1] o.s.b.w.servlet.FilterRegistrationBean   : Mapping filter: 'httpPutFormContentFilter' to: [/*]
2019-04-13 10:51:29.213  INFO 8596 --- [localhost-startStop-1] o.s.b.w.servlet.FilterRegistrationBean   : Mapping filter: 'requestContextFilter' to: [/*]
2019-04-13 10:51:29.213  INFO 8596 --- [localhost-startStop-1] .s.DelegatingFilterProxyRegistrationBean : Mapping filter: 'springSecurityFilterChain' to: [/*]
2019-04-13 10:51:29.213  INFO 8596 --- [localhost-startStop-1] o.s.b.w.servlet.FilterRegistrationBean   : Mapping filter: 'httpTraceFilter' to: [/*]
2019-04-13 10:51:29.213  INFO 8596 --- [localhost-startStop-1] o.s.b.w.servlet.ServletRegistrationBean  : Servlet dispatcherServlet mapped to [/]
2019-04-13 10:51:29.343  WARN 8596 --- [main] c.n.c.sources.URLConfigurationSource     : No URLs will be polled as dynamic configuration sources.
2019-04-13 10:51:29.343  INFO 8596 --- [main] c.n.c.sources.URLConfigurationSource     : To enable URLs as dynamic configuration sources, define System property archaius.configurationSource.additionalUrls or make config.properties available on classpath.
2019-04-13 10:51:29.416  INFO 8596 --- [main] o.s.w.s.handler.SimpleUrlHandlerMapping  : Mapped URL path [/**/favicon.ico] onto handler of type [class org.springframework.web.servlet.resource.ResourceHttpRequestHandler]
2019-04-13 10:51:29.576  INFO 8596 --- [main] s.w.s.m.m.a.RequestMappingHandlerAdapter : Looking for @ControllerAdvice: org.springframework.boot.web.servlet.context.AnnotationConfigServletWebServerApplicationContext@7cedfa63: startup date [Sat Apr 13 10:51:26 CST 2019]; parent: org.springframework.context.annotation.AnnotationConfigApplicationContext@6025e1b6
2019-04-13 10:51:29.626  INFO 8596 --- [main] s.w.s.m.m.a.RequestMappingHandlerMapping : Mapped "{[/test]}" onto public java.lang.String com.liujie.controller.TestController.test()
2019-04-13 10:51:29.636  INFO 8596 --- [main] s.w.s.m.m.a.RequestMappingHandlerMapping : Mapped "{[/error]}" onto public org.springframework.http.ResponseEntity<java.util.Map<java.lang.String, java.lang.Object>> org.springframework.boot.autoconfigure.web.servlet.error.BasicErrorController.error(javax.servlet.http.HttpServletRequest)
2019-04-13 10:51:29.636  INFO 8596 --- [main] s.w.s.m.m.a.RequestMappingHandlerMapping : Mapped "{[/error],produces=[text/html]}" onto public org.springframework.web.servlet.ModelAndView org.springframework.boot.autoconfigure.web.servlet.error.BasicErrorController.errorHtml(javax.servlet.http.HttpServletRequest,javax.servlet.http.HttpServletResponse)
2019-04-13 10:51:29.666  INFO 8596 --- [main] o.s.w.s.handler.SimpleUrlHandlerMapping  : Mapped URL path [/webjars/**] onto handler of type [class org.springframework.web.servlet.resource.ResourceHttpRequestHandler]
2019-04-13 10:51:29.666  INFO 8596 --- [main] o.s.w.s.handler.SimpleUrlHandlerMapping  : Mapped URL path [/**] onto handler of type [class org.springframework.web.servlet.resource.ResourceHttpRequestHandler]
2019-04-13 10:51:30.176  INFO 8596 --- [main] .s.s.UserDetailsServiceAutoConfiguration : 

Using generated security password: 72b08e8a-ba1c-424a-b94c-0c20da665988

2019-04-13 10:51:30.296  INFO 8596 --- [main] o.s.s.web.DefaultSecurityFilterChain     : Creating filter chain: org.springframework.security.web.util.matcher.AnyRequestMatcher@1, [org.springframework.security.web.context.request.async.WebAsyncManagerIntegrationFilter@7c8874ef, org.springframework.security.web.context.SecurityContextPersistenceFilter@191a0351, org.springframework.security.web.header.HeaderWriterFilter@3d3c886f, org.springframework.security.web.authentication.logout.LogoutFilter@7b18658a, org.springframework.security.web.savedrequest.RequestCacheAwareFilter@51ba952e, org.springframework.security.web.servletapi.SecurityContextHolderAwareRequestFilter@2478b629, org.springframework.security.web.authentication.AnonymousAuthenticationFilter@42c0a16e, org.springframework.security.web.session.SessionManagementFilter@153d6d74, org.springframework.security.web.access.ExceptionTranslationFilter@3e4d40ea, org.springframework.security.web.access.intercept.FilterSecurityInterceptor@752b69e3]
2019-04-13 10:51:30.451  INFO 8596 --- [main] com.netflix.discovery.DiscoveryClient    : Shutting down DiscoveryClient ...
2019-04-13 10:51:30.451  INFO 8596 --- [main] com.netflix.discovery.DiscoveryClient    : Completed shut down of DiscoveryClient
2019-04-13 10:51:30.471  INFO 8596 --- [main] o.s.b.a.e.web.EndpointLinksResolver      : Exposing 0 endpoint(s) beneath base path '/actuator'
2019-04-13 10:51:30.481  INFO 8596 --- [main] s.b.a.e.w.s.WebMvcEndpointHandlerMapping : Mapped "{[/actuator],methods=[GET],produces=[application/vnd.spring-boot.actuator.v2+json || application/json]}" onto protected java.util.Map<java.lang.String, java.util.Map<java.lang.String, org.springframework.boot.actuate.endpoint.web.Link>> org.springframework.boot.actuate.endpoint.web.servlet.WebMvcEndpointHandlerMapping.links(javax.servlet.http.HttpServletRequest,javax.servlet.http.HttpServletResponse)
2019-04-13 10:51:30.521  INFO 8596 --- [main] o.s.j.e.a.AnnotationMBeanExporter        : Registering beans for JMX exposure on startup
2019-04-13 10:51:30.531  INFO 8596 --- [main] o.s.j.e.a.AnnotationMBeanExporter        : Bean with name 'environmentManager' has been autodetected for JMX exposure
2019-04-13 10:51:30.531  INFO 8596 --- [main] o.s.j.e.a.AnnotationMBeanExporter        : Bean with name 'configurationPropertiesRebinder' has been autodetected for JMX exposure
2019-04-13 10:51:30.531  INFO 8596 --- [main] o.s.j.e.a.AnnotationMBeanExporter        : Bean with name 'refreshScope' has been autodetected for JMX exposure
2019-04-13 10:51:30.541  INFO 8596 --- [main] o.s.j.e.a.AnnotationMBeanExporter        : Located managed bean 'environmentManager': registering with JMX server as MBean [org.springframework.cloud.context.environment:name=environmentManager,type=EnvironmentManager]
2019-04-13 10:51:30.541  INFO 8596 --- [main] o.s.j.e.a.AnnotationMBeanExporter        : Located managed bean 'refreshScope': registering with JMX server as MBean [org.springframework.cloud.context.scope.refresh:name=refreshScope,type=RefreshScope]
2019-04-13 10:51:30.551  INFO 8596 --- [main] o.s.j.e.a.AnnotationMBeanExporter        : Located managed bean 'configurationPropertiesRebinder': registering with JMX server as MBean [org.springframework.cloud.context.properties:name=configurationPropertiesRebinder,context=7cedfa63,type=ConfigurationPropertiesRebinder]
2019-04-13 10:51:30.571  INFO 8596 --- [main] o.s.c.support.DefaultLifecycleProcessor  : Starting beans in phase 0
2019-04-13 10:51:30.581  INFO 8596 --- [main] o.s.c.n.eureka.InstanceInfoFactory       : Setting initial instance status as: STARTING
2019-04-13 10:51:30.581  INFO 8596 --- [main] com.netflix.discovery.DiscoveryClient    : Initializing Eureka in region us-east-1
2019-04-13 10:51:30.591  INFO 8596 --- [main] c.n.d.provider.DiscoveryJerseyProvider   : Using JSON encoding codec LegacyJacksonJson
2019-04-13 10:51:30.591  INFO 8596 --- [main] c.n.d.provider.DiscoveryJerseyProvider   : Using JSON decoding codec LegacyJacksonJson
2019-04-13 10:51:30.591  INFO 8596 --- [main] c.n.d.provider.DiscoveryJerseyProvider   : Using XML encoding codec XStreamXml
2019-04-13 10:51:30.591  INFO 8596 --- [main] c.n.d.provider.DiscoveryJerseyProvider   : Using XML decoding codec XStreamXml
2019-04-13 10:51:30.641  INFO 8596 --- [main] c.n.d.s.r.aws.ConfigClusterResolver      : Resolving eureka endpoints via configuration
2019-04-13 10:51:30.641  INFO 8596 --- [main] com.netflix.discovery.DiscoveryClient    : Disable delta property : false
2019-04-13 10:51:30.641  INFO 8596 --- [main] com.netflix.discovery.DiscoveryClient    : Single vip registry refresh property : null
2019-04-13 10:51:30.641  INFO 8596 --- [main] com.netflix.discovery.DiscoveryClient    : Force full registry fetch : false
2019-04-13 10:51:30.641  INFO 8596 --- [main] com.netflix.discovery.DiscoveryClient    : Application is null : false
2019-04-13 10:51:30.641  INFO 8596 --- [main] com.netflix.discovery.DiscoveryClient    : Registered Applications size is zero : true
2019-04-13 10:51:30.641  INFO 8596 --- [main] com.netflix.discovery.DiscoveryClient    : Application version is -1: true
2019-04-13 10:51:30.641  INFO 8596 --- [main] com.netflix.discovery.DiscoveryClient    : Getting all instance registry info from the eureka server
2019-04-13 10:51:30.641  INFO 8596 --- [main] com.netflix.discovery.DiscoveryClient    : The response status is 200
2019-04-13 10:51:30.651  INFO 8596 --- [main] com.netflix.discovery.DiscoveryClient    : Starting heartbeat executor: renew interval is: 30
2019-04-13 10:51:30.651  INFO 8596 --- [main] c.n.discovery.InstanceInfoReplicator     : InstanceInfoReplicator onDemand update allowed rate per min is 4
2019-04-13 10:51:30.651  INFO 8596 --- [main] com.netflix.discovery.DiscoveryClient    : Discovery Client initialized at timestamp 1555123890651 with initial instances count: 6
2019-04-13 10:51:30.651  INFO 8596 --- [main] o.s.c.n.e.s.EurekaServiceRegistry        : Registering application config-client with eureka with status UP
2019-04-13 10:51:30.651  INFO 8596 --- [main] com.netflix.discovery.DiscoveryClient    : Saw local status change event StatusChangeEvent [timestamp=1555123890651, current=UP, previous=STARTING]
2019-04-13 10:51:30.651  INFO 8596 --- [DiscoveryClient-InstanceInfoReplicator-0] com.netflix.discovery.DiscoveryClient    : DiscoveryClient_CONFIG-CLIENT/config-client:8889: registering service...
2019-04-13 10:51:30.691  INFO 8596 --- [DiscoveryClient-InstanceInfoReplicator-0] com.netflix.discovery.DiscoveryClient    : DiscoveryClient_CONFIG-CLIENT/config-client:8889 - registration status: 204
2019-04-13 10:51:30.701  INFO 8596 --- [main] o.s.b.w.embedded.tomcat.TomcatWebServer  : Tomcat started on port(s): 8889 (http) with context path ''
2019-04-13 10:51:30.701  INFO 8596 --- [main] .s.c.n.e.s.EurekaAutoServiceRegistration : Updating port to 8889
2019-04-13 10:51:30.701  INFO 8596 --- [main] com.liujie.ConfigClientApplication       : Started ConfigClientApplication in 18.488 seconds (JVM running for 19.505)
2019-04-13 10:51:31.091  INFO 8596 --- [RMI TCP Connection(7)-127.0.0.1] o.a.c.c.C.[Tomcat].[localhost].[/]       : Initializing Spring FrameworkServlet 'dispatcherServlet'
2019-04-13 10:51:31.091  INFO 8596 --- [RMI TCP Connection(7)-127.0.0.1] o.s.web.servlet.DispatcherServlet        : FrameworkServlet 'dispatcherServlet': initialization started
2019-04-13 10:51:31.101  INFO 8596 --- [RMI TCP Connection(8)-127.0.0.1] c.c.c.ConfigServicePropertySourceLocator : Fetching config from server at : http://DESKTOP-EJ2SMCJ:8888/
2019-04-13 10:51:31.111  INFO 8596 --- [RMI TCP Connection(7)-127.0.0.1] o.s.web.servlet.DispatcherServlet        : FrameworkServlet 'dispatcherServlet': initialization completed in 20 ms
2019-04-13 10:51:37.987  INFO 8596 --- [RMI TCP Connection(8)-127.0.0.1] c.c.c.ConfigServicePropertySourceLocator : Located environment: name=config-client, profiles=[dev], label=master, version=71cd66758d7a3a024d6ff27e1de058d6b1959454, state=null
2019-04-13 10:56:30.645  INFO 8596 --- [AsyncResolver-bootstrap-executor-0] c.n.d.s.r.aws.ConfigClusterResolver      : Resolving eureka endpoints via configuration
2019-04-13 11:44:18.910  INFO 12844 --- [main] com.liujie.ConfigClientApplication       : No active profile set, falling back to default profiles: default
2019-04-13 11:44:18.920  INFO 12844 --- [main] ConfigServletWebServerApplicationContext : Refreshing org.springframework.boot.web.servlet.context.AnnotationConfigServletWebServerApplicationContext@c4c0b41: startup date [Sat Apr 13 11:44:18 CST 2019]; parent: org.springframework.context.annotation.AnnotationConfigApplicationContext@618b19ad
2019-04-13 11:44:19.804  INFO 12844 --- [main] o.s.cloud.context.scope.GenericScope     : BeanFactory id=cc26af4a-3102-3a86-b255-05a9d0cfad08
2019-04-13 11:44:19.824  INFO 12844 --- [main] f.a.AutowiredAnnotationBeanPostProcessor : JSR-330 'javax.inject.Inject' annotation found and supported for autowiring
2019-04-13 11:44:19.904  INFO 12844 --- [main] trationDelegate$BeanPostProcessorChecker : Bean 'org.springframework.cloud.autoconfigure.ConfigurationPropertiesRebinderAutoConfiguration' of type [org.springframework.cloud.autoconfigure.ConfigurationPropertiesRebinderAutoConfiguration$$EnhancerBySpringCGLIB$$bd2aa01c] is not eligible for getting processed by all BeanPostProcessors (for example: not eligible for auto-proxying)
2019-04-13 11:44:20.304  INFO 12844 --- [main] o.s.b.w.embedded.tomcat.TomcatWebServer  : Tomcat initialized with port(s): 8889 (http)
2019-04-13 11:44:20.334  INFO 12844 --- [main] o.apache.catalina.core.StandardService   : Starting service [Tomcat]
2019-04-13 11:44:20.334  INFO 12844 --- [main] org.apache.catalina.core.StandardEngine  : Starting Servlet Engine: Apache Tomcat/8.5.32
2019-04-13 11:44:20.334  INFO 12844 --- [localhost-startStop-1] o.a.catalina.core.AprLifecycleListener   : The APR based Apache Tomcat Native library which allows optimal performance in production environments was not found on the java.library.path: [D:\ProgramFiles\Java\jdk1.8.0_101\bin;C:\WINDOWS\Sun\Java\bin;C:\WINDOWS\system32;C:\WINDOWS;C:\WINDOWS\system32;C:\WINDOWS;C:\WINDOWS\System32\Wbem;C:\WINDOWS\System32\WindowsPowerShell\v1.0\;D:\ProgramFiles\Java\jdk1.8.0_101\bin;D:\ProgramFiles\Java\jdk1.8.0_101\jre\bin;D:\maven\apache-maven-3.6.0\bin;D:\ProgramFiles\Git\cmd;D:\ProgramFiles\MySQL\MySQL Server 5.5\bin;C:\Users\liujie\AppData\Local\Microsoft\WindowsApps;;.]
2019-04-13 11:44:20.475  INFO 12844 --- [localhost-startStop-1] o.a.c.c.C.[Tomcat].[localhost].[/]       : Initializing Spring embedded WebApplicationContext
2019-04-13 11:44:20.475  INFO 12844 --- [localhost-startStop-1] o.s.web.context.ContextLoader            : Root WebApplicationContext: initialization completed in 1555 ms
2019-04-13 11:44:20.635  WARN 12844 --- [localhost-startStop-1] c.n.c.sources.URLConfigurationSource     : No URLs will be polled as dynamic configuration sources.
2019-04-13 11:44:20.635  INFO 12844 --- [localhost-startStop-1] c.n.c.sources.URLConfigurationSource     : To enable URLs as dynamic configuration sources, define System property archaius.configurationSource.additionalUrls or make config.properties available on classpath.
2019-04-13 11:44:20.645  INFO 12844 --- [localhost-startStop-1] c.netflix.config.DynamicPropertyFactory  : DynamicPropertyFactory is initialized with configuration sources: com.netflix.config.ConcurrentCompositeConfiguration@254ccdc5
2019-04-13 11:44:22.069  INFO 12844 --- [localhost-startStop-1] o.s.cloud.commons.util.InetUtils         : Cannot determine local hostname
2019-04-13 11:44:23.315  INFO 12844 --- [localhost-startStop-1] o.s.cloud.commons.util.InetUtils         : Cannot determine local hostname
2019-04-13 11:44:23.964  INFO 12844 --- [localhost-startStop-1] o.s.b.w.servlet.FilterRegistrationBean   : Mapping filter: 'characterEncodingFilter' to: [/*]
2019-04-13 11:44:23.964  INFO 12844 --- [localhost-startStop-1] o.s.b.w.servlet.FilterRegistrationBean   : Mapping filter: 'webMvcMetricsFilter' to: [/*]
2019-04-13 11:44:23.964  INFO 12844 --- [localhost-startStop-1] o.s.b.w.servlet.FilterRegistrationBean   : Mapping filter: 'hiddenHttpMethodFilter' to: [/*]
2019-04-13 11:44:23.964  INFO 12844 --- [localhost-startStop-1] o.s.b.w.servlet.FilterRegistrationBean   : Mapping filter: 'httpPutFormContentFilter' to: [/*]
2019-04-13 11:44:23.964  INFO 12844 --- [localhost-startStop-1] o.s.b.w.servlet.FilterRegistrationBean   : Mapping filter: 'requestContextFilter' to: [/*]
2019-04-13 11:44:23.964  INFO 12844 --- [localhost-startStop-1] .s.DelegatingFilterProxyRegistrationBean : Mapping filter: 'springSecurityFilterChain' to: [/*]
2019-04-13 11:44:23.964  INFO 12844 --- [localhost-startStop-1] o.s.b.w.servlet.FilterRegistrationBean   : Mapping filter: 'httpTraceFilter' to: [/*]
2019-04-13 11:44:23.964  INFO 12844 --- [localhost-startStop-1] o.s.b.w.servlet.ServletRegistrationBean  : Servlet dispatcherServlet mapped to [/]
2019-04-13 11:44:24.104  WARN 12844 --- [main] c.n.c.sources.URLConfigurationSource     : No URLs will be polled as dynamic configuration sources.
2019-04-13 11:44:24.104  INFO 12844 --- [main] c.n.c.sources.URLConfigurationSource     : To enable URLs as dynamic configuration sources, define System property archaius.configurationSource.additionalUrls or make config.properties available on classpath.
2019-04-13 11:44:24.174  INFO 12844 --- [main] o.s.w.s.handler.SimpleUrlHandlerMapping  : Mapped URL path [/**/favicon.ico] onto handler of type [class org.springframework.web.servlet.resource.ResourceHttpRequestHandler]
2019-04-13 11:44:24.334  INFO 12844 --- [main] s.w.s.m.m.a.RequestMappingHandlerAdapter : Looking for @ControllerAdvice: org.springframework.boot.web.servlet.context.AnnotationConfigServletWebServerApplicationContext@c4c0b41: startup date [Sat Apr 13 11:44:18 CST 2019]; parent: org.springframework.context.annotation.AnnotationConfigApplicationContext@618b19ad
2019-04-13 11:44:24.397  INFO 12844 --- [main] s.w.s.m.m.a.RequestMappingHandlerMapping : Mapped "{[/test]}" onto public java.lang.String com.liujie.controller.TestController.test()
2019-04-13 11:44:24.397  INFO 12844 --- [main] s.w.s.m.m.a.RequestMappingHandlerMapping : Mapped "{[/error]}" onto public org.springframework.http.ResponseEntity<java.util.Map<java.lang.String, java.lang.Object>> org.springframework.boot.autoconfigure.web.servlet.error.BasicErrorController.error(javax.servlet.http.HttpServletRequest)
2019-04-13 11:44:24.397  INFO 12844 --- [main] s.w.s.m.m.a.RequestMappingHandlerMapping : Mapped "{[/error],produces=[text/html]}" onto public org.springframework.web.servlet.ModelAndView org.springframework.boot.autoconfigure.web.servlet.error.BasicErrorController.errorHtml(javax.servlet.http.HttpServletRequest,javax.servlet.http.HttpServletResponse)
2019-04-13 11:44:24.447  INFO 12844 --- [main] o.s.w.s.handler.SimpleUrlHandlerMapping  : Mapped URL path [/webjars/**] onto handler of type [class org.springframework.web.servlet.resource.ResourceHttpRequestHandler]
2019-04-13 11:44:24.447  INFO 12844 --- [main] o.s.w.s.handler.SimpleUrlHandlerMapping  : Mapped URL path [/**] onto handler of type [class org.springframework.web.servlet.resource.ResourceHttpRequestHandler]
2019-04-13 11:44:24.887  INFO 12844 --- [main] .s.s.UserDetailsServiceAutoConfiguration : 

Using generated security password: 0ce6f731-bd54-44fa-acfa-250cf9f557cf

2019-04-13 11:44:25.007  INFO 12844 --- [main] o.s.s.web.DefaultSecurityFilterChain     : Creating filter chain: org.springframework.security.web.util.matcher.AnyRequestMatcher@1, [org.springframework.security.web.context.request.async.WebAsyncManagerIntegrationFilter@1f916219, org.springframework.security.web.context.SecurityContextPersistenceFilter@6806468e, org.springframework.security.web.header.HeaderWriterFilter@6897a4a, org.springframework.security.web.authentication.logout.LogoutFilter@418f890f, org.springframework.security.web.savedrequest.RequestCacheAwareFilter@68631b1d, org.springframework.security.web.servletapi.SecurityContextHolderAwareRequestFilter@604d28c6, org.springframework.security.web.authentication.AnonymousAuthenticationFilter@67acfde9, org.springframework.security.web.session.SessionManagementFilter@7a65c995, org.springframework.security.web.access.ExceptionTranslationFilter@233f52f8, org.springframework.security.web.access.intercept.FilterSecurityInterceptor@2db86a7c]
2019-04-13 11:44:25.157  INFO 12844 --- [main] com.netflix.discovery.DiscoveryClient    : Shutting down DiscoveryClient ...
2019-04-13 11:44:25.167  INFO 12844 --- [main] com.netflix.discovery.DiscoveryClient    : Completed shut down of DiscoveryClient
2019-04-13 11:44:25.177  INFO 12844 --- [main] o.s.b.a.e.web.EndpointLinksResolver      : Exposing 0 endpoint(s) beneath base path '/actuator'
2019-04-13 11:44:25.187  INFO 12844 --- [main] s.b.a.e.w.s.WebMvcEndpointHandlerMapping : Mapped "{[/actuator],methods=[GET],produces=[application/vnd.spring-boot.actuator.v2+json || application/json]}" onto protected java.util.Map<java.lang.String, java.util.Map<java.lang.String, org.springframework.boot.actuate.endpoint.web.Link>> org.springframework.boot.actuate.endpoint.web.servlet.WebMvcEndpointHandlerMapping.links(javax.servlet.http.HttpServletRequest,javax.servlet.http.HttpServletResponse)
2019-04-13 11:44:25.237  INFO 12844 --- [main] o.s.j.e.a.AnnotationMBeanExporter        : Registering beans for JMX exposure on startup
2019-04-13 11:44:25.237  INFO 12844 --- [main] o.s.j.e.a.AnnotationMBeanExporter        : Bean with name 'environmentManager' has been autodetected for JMX exposure
2019-04-13 11:44:25.237  INFO 12844 --- [main] o.s.j.e.a.AnnotationMBeanExporter        : Bean with name 'configurationPropertiesRebinder' has been autodetected for JMX exposure
2019-04-13 11:44:25.247  INFO 12844 --- [main] o.s.j.e.a.AnnotationMBeanExporter        : Bean with name 'refreshScope' has been autodetected for JMX exposure
2019-04-13 11:44:25.247  INFO 12844 --- [main] o.s.j.e.a.AnnotationMBeanExporter        : Located managed bean 'environmentManager': registering with JMX server as MBean [org.springframework.cloud.context.environment:name=environmentManager,type=EnvironmentManager]
2019-04-13 11:44:25.257  INFO 12844 --- [main] o.s.j.e.a.AnnotationMBeanExporter        : Located managed bean 'refreshScope': registering with JMX server as MBean [org.springframework.cloud.context.scope.refresh:name=refreshScope,type=RefreshScope]
2019-04-13 11:44:25.257  INFO 12844 --- [main] o.s.j.e.a.AnnotationMBeanExporter        : Located managed bean 'configurationPropertiesRebinder': registering with JMX server as MBean [org.springframework.cloud.context.properties:name=configurationPropertiesRebinder,context=c4c0b41,type=ConfigurationPropertiesRebinder]
2019-04-13 11:44:25.277  INFO 12844 --- [main] o.s.c.support.DefaultLifecycleProcessor  : Starting beans in phase 0
2019-04-13 11:44:25.287  INFO 12844 --- [main] o.s.c.n.eureka.InstanceInfoFactory       : Setting initial instance status as: STARTING
2019-04-13 11:44:25.297  INFO 12844 --- [main] com.netflix.discovery.DiscoveryClient    : Initializing Eureka in region us-east-1
2019-04-13 11:44:25.297  INFO 12844 --- [main] c.n.d.provider.DiscoveryJerseyProvider   : Using JSON encoding codec LegacyJacksonJson
2019-04-13 11:44:25.297  INFO 12844 --- [main] c.n.d.provider.DiscoveryJerseyProvider   : Using JSON decoding codec LegacyJacksonJson
2019-04-13 11:44:25.297  INFO 12844 --- [main] c.n.d.provider.DiscoveryJerseyProvider   : Using XML encoding codec XStreamXml
2019-04-13 11:44:25.297  INFO 12844 --- [main] c.n.d.provider.DiscoveryJerseyProvider   : Using XML decoding codec XStreamXml
2019-04-13 11:44:25.347  INFO 12844 --- [main] c.n.d.s.r.aws.ConfigClusterResolver      : Resolving eureka endpoints via configuration
2019-04-13 11:44:25.347  INFO 12844 --- [main] com.netflix.discovery.DiscoveryClient    : Disable delta property : false
2019-04-13 11:44:25.347  INFO 12844 --- [main] com.netflix.discovery.DiscoveryClient    : Single vip registry refresh property : null
2019-04-13 11:44:25.347  INFO 12844 --- [main] com.netflix.discovery.DiscoveryClient    : Force full registry fetch : false
2019-04-13 11:44:25.347  INFO 12844 --- [main] com.netflix.discovery.DiscoveryClient    : Application is null : false
2019-04-13 11:44:25.347  INFO 12844 --- [main] com.netflix.discovery.DiscoveryClient    : Registered Applications size is zero : true
2019-04-13 11:44:25.347  INFO 12844 --- [main] com.netflix.discovery.DiscoveryClient    : Application version is -1: true
2019-04-13 11:44:25.347  INFO 12844 --- [main] com.netflix.discovery.DiscoveryClient    : Getting all instance registry info from the eureka server
2019-04-13 11:44:25.357  INFO 12844 --- [main] com.netflix.discovery.DiscoveryClient    : The response status is 200
2019-04-13 11:44:25.357  INFO 12844 --- [main] com.netflix.discovery.DiscoveryClient    : Starting heartbeat executor: renew interval is: 30
2019-04-13 11:44:25.357  INFO 12844 --- [main] c.n.discovery.InstanceInfoReplicator     : InstanceInfoReplicator onDemand update allowed rate per min is 4
2019-04-13 11:44:25.357  INFO 12844 --- [main] com.netflix.discovery.DiscoveryClient    : Discovery Client initialized at timestamp 1555127065357 with initial instances count: 5
2019-04-13 11:44:25.367  INFO 12844 --- [main] o.s.c.n.e.s.EurekaServiceRegistry        : Registering application config-client with eureka with status UP
2019-04-13 11:44:25.367  INFO 12844 --- [main] com.netflix.discovery.DiscoveryClient    : Saw local status change event StatusChangeEvent [timestamp=1555127065367, current=UP, previous=STARTING]
2019-04-13 11:44:25.367  INFO 12844 --- [DiscoveryClient-InstanceInfoReplicator-0] com.netflix.discovery.DiscoveryClient    : DiscoveryClient_CONFIG-CLIENT/config-client:8889: registering service...
2019-04-13 11:44:25.407  INFO 12844 --- [DiscoveryClient-InstanceInfoReplicator-0] com.netflix.discovery.DiscoveryClient    : DiscoveryClient_CONFIG-CLIENT/config-client:8889 - registration status: 204
2019-04-13 11:44:25.407  INFO 12844 --- [main] o.s.b.w.embedded.tomcat.TomcatWebServer  : Tomcat started on port(s): 8889 (http) with context path ''
2019-04-13 11:44:25.417  INFO 12844 --- [main] .s.c.n.e.s.EurekaAutoServiceRegistration : Updating port to 8889
2019-04-13 11:44:25.417  INFO 12844 --- [main] com.liujie.ConfigClientApplication       : Started ConfigClientApplication in 27.258 seconds (JVM running for 28.334)
2019-04-13 11:44:25.967  INFO 12844 --- [RMI TCP Connection(36)-127.0.0.1] o.a.c.c.C.[Tomcat].[localhost].[/]       : Initializing Spring FrameworkServlet 'dispatcherServlet'
2019-04-13 11:44:25.967  INFO 12844 --- [RMI TCP Connection(36)-127.0.0.1] o.s.web.servlet.DispatcherServlet        : FrameworkServlet 'dispatcherServlet': initialization started
2019-04-13 11:44:25.997  INFO 12844 --- [RMI TCP Connection(36)-127.0.0.1] o.s.web.servlet.DispatcherServlet        : FrameworkServlet 'dispatcherServlet': initialization completed in 30 ms
2019-04-13 11:44:25.997  INFO 12844 --- [RMI TCP Connection(35)-127.0.0.1] c.c.c.ConfigServicePropertySourceLocator : Fetching config from server at : http://localhost:8888/
2019-04-13 11:44:30.494  INFO 12844 --- [RMI TCP Connection(35)-127.0.0.1] c.c.c.ConfigServicePropertySourceLocator : Located environment: name=config-client, profiles=[dev], label=master, version=71cd66758d7a3a024d6ff27e1de058d6b1959454, state=null
